2022-04-11 23:14:51,051 [INFO] Activator:170 - 


2022-04-11 23:14:51,056 [INFO] Activator:171 - !SESSION log4j initialized
2022-04-11 23:15:36,079 [INFO] McuFinderGlobals:39 - Set McuFinder mode to 2 (CubeIDE integrated)
2022-04-11 23:15:37,058 [INFO] ApplicationProperties:181 - Using Application install path: C:\ST\STM32CubeIDE_1.6.1\STM32CubeIDE\plugins\com.st.stm32cube.common.mx_6.2.1.202103241236
2022-04-11 23:15:37,077 [INFO] DbMcusXml:74 - Set database path to: C:\ST\STM32CubeIDE_1.6.1\STM32CubeIDE\plugins\com.st.stm32cube.common.mx_6.2.1.202103241236\\db\/mcu/
2022-04-11 23:15:37,084 [INFO] DbBoardsPdsc:56 - Set plugin database path to: C:\ST\STM32CubeIDE_1.6.1\STM32CubeIDE\plugins\com.st.stm32cube.common.mx_6.2.1.202103241236\\db\/plugins/boardmanager/
2022-04-11 23:15:37,085 [INFO] DbMcus:258 - Set plugin images path to: C:\ST\STM32CubeIDE_1.6.1\STM32CubeIDE\plugins\com.st.stm32cube.common.mx_6.2.1.202103241236\\db\/plugins/mcufinder/images/
2022-04-11 23:15:37,085 [INFO] DbBoards:264 - Set plugin images path to: C:\ST\STM32CubeIDE_1.6.1\STM32CubeIDE\plugins\com.st.stm32cube.common.mx_6.2.1.202103241236\\db\/plugins/mcufinder/images/
2022-04-11 23:15:37,089 [INFO] DbExamples:333 - Set plugin images path to: C:\ST\STM32CubeIDE_1.6.1\STM32CubeIDE\plugins\com.st.stm32cube.common.mx_6.2.1.202103241236\\db\/plugins/mcufinder/images/
2022-04-11 23:15:37,101 [INFO] DbMcusAds:85 - Set database path to: C:\Users\reiji\.stmcufinder\plugins\mcufinder//mcu/
2022-04-11 23:15:37,102 [INFO] DbMcusDocs:110 - Set database path to: C:\Users\reiji\.stmcufinder\plugins\mcufinder//mcu/
2022-04-11 23:15:37,105 [INFO] DbMcusJson:65 - Set database path to: C:\Users\reiji\.stmcufinder\plugins\mcufinder//mcu/
2022-04-11 23:15:37,106 [INFO] DbBoardsDocs:110 - Set database path to: C:\Users\reiji\.stmcufinder\plugins\mcufinder//mcu/
2022-04-11 23:15:37,108 [INFO] DbBoardsJson:58 - Set database path to: C:\Users\reiji\.stmcufinder\plugins\mcufinder//mcu/
2022-04-11 23:15:37,138 [INFO] CrossReferenceDbSqlite:196 - Set database path to: C:\Users\reiji\.stmcufinder\plugins\mcufinder//mcu/cs/
2022-04-11 23:15:37,146 [INFO] DbExamplesSqlite:690 - Set database path to: C:\Users\reiji\.stmcufinder\plugins\mcufinder//mcu/
2022-04-11 23:15:37,471 [INFO] RulesReader:52 - Compatibility file has been processed (237 Rules)
2022-04-11 23:15:37,622 [INFO] MicroXplorer:622 - Detected Java Version = 11.0.9.1
2022-04-11 23:15:37,624 [INFO] DbMcusXml:74 - Set database path to: C:\ST\STM32CubeIDE_1.6.1\STM32CubeIDE\plugins\com.st.stm32cube.common.mx_6.2.1.202103241236\\db\/mcu/
2022-04-11 23:15:37,625 [INFO] DbBoardsPdsc:56 - Set plugin database path to: C:\ST\STM32CubeIDE_1.6.1\STM32CubeIDE\plugins\com.st.stm32cube.common.mx_6.2.1.202103241236\\db\/plugins/boardmanager/
2022-04-11 23:15:37,625 [INFO] DbMcus:258 - Set plugin images path to: C:\ST\STM32CubeIDE_1.6.1\STM32CubeIDE\plugins\com.st.stm32cube.common.mx_6.2.1.202103241236\\db\/plugins/mcufinder/images/
2022-04-11 23:15:37,626 [INFO] DbBoards:264 - Set plugin images path to: C:\ST\STM32CubeIDE_1.6.1\STM32CubeIDE\plugins\com.st.stm32cube.common.mx_6.2.1.202103241236\\db\/plugins/mcufinder/images/
2022-04-11 23:15:37,626 [INFO] DbExamples:333 - Set plugin images path to: C:\ST\STM32CubeIDE_1.6.1\STM32CubeIDE\plugins\com.st.stm32cube.common.mx_6.2.1.202103241236\\db\/plugins/mcufinder/images/
2022-04-11 23:15:37,626 [WARN] DbFile:35 - Overriding database path with different value: C:\Users\reiji\.stmcufinder\plugins\mcufinder/ => C:\Users\reiji\.stmcufinder\plugins\mcufinder
2022-04-11 23:15:37,627 [INFO] DbMcusAds:85 - Set database path to: C:\Users\reiji\.stmcufinder\plugins\mcufinder//mcu/
2022-04-11 23:15:37,627 [WARN] DbFile:35 - Overriding database path with different value: C:\Users\reiji\.stmcufinder\plugins\mcufinder/ => C:\Users\reiji\.stmcufinder\plugins\mcufinder
2022-04-11 23:15:37,628 [INFO] DbMcusDocs:110 - Set database path to: C:\Users\reiji\.stmcufinder\plugins\mcufinder//mcu/
2022-04-11 23:15:37,628 [WARN] DbFile:35 - Overriding database path with different value: C:\Users\reiji\.stmcufinder\plugins\mcufinder/ => C:\Users\reiji\.stmcufinder\plugins\mcufinder
2022-04-11 23:15:37,628 [INFO] DbMcusJson:65 - Set database path to: C:\Users\reiji\.stmcufinder\plugins\mcufinder//mcu/
2022-04-11 23:15:37,628 [WARN] DbFile:35 - Overriding database path with different value: C:\Users\reiji\.stmcufinder\plugins\mcufinder/ => C:\Users\reiji\.stmcufinder\plugins\mcufinder
2022-04-11 23:15:37,628 [INFO] DbBoardsDocs:110 - Set database path to: C:\Users\reiji\.stmcufinder\plugins\mcufinder//mcu/
2022-04-11 23:15:37,628 [WARN] DbFile:35 - Overriding database path with different value: C:\Users\reiji\.stmcufinder\plugins\mcufinder/ => C:\Users\reiji\.stmcufinder\plugins\mcufinder
2022-04-11 23:15:37,629 [INFO] DbBoardsJson:58 - Set database path to: C:\Users\reiji\.stmcufinder\plugins\mcufinder//mcu/
2022-04-11 23:15:37,630 [WARN] DbFile:35 - Overriding database path with different value: C:\Users\reiji\.stmcufinder\plugins\mcufinder/ => C:\Users\reiji\.stmcufinder\plugins\mcufinder
2022-04-11 23:15:37,630 [WARN] DbFile:35 - Overriding database path with different value: C:\Users\reiji\.stmcufinder\plugins\mcufinder/ => C:\Users\reiji\.stmcufinder\plugins\mcufinder
2022-04-11 23:15:37,630 [INFO] CrossReferenceDbSqlite:196 - Set database path to: C:\Users\reiji\.stmcufinder\plugins\mcufinder//mcu/cs/
2022-04-11 23:15:37,630 [WARN] DbFile:35 - Overriding database path with different value: C:\Users\reiji\.stmcufinder\plugins\mcufinder/ => C:\Users\reiji\.stmcufinder\plugins\mcufinder
2022-04-11 23:15:37,631 [INFO] DbExamplesSqlite:690 - Set database path to: C:\Users\reiji\.stmcufinder\plugins\mcufinder//mcu/
2022-04-11 23:15:37,765 [INFO] MainPanel:204 - HeapMemory: 284164096
2022-04-11 23:15:37,957 [INFO] DbMcusXml:74 - Set database path to: C:\ST\STM32CubeIDE_1.6.1\STM32CubeIDE\plugins\com.st.stm32cube.common.mx_6.2.1.202103241236\\db\/mcu/
2022-04-11 23:15:37,957 [INFO] DbBoardsPdsc:56 - Set plugin database path to: C:\ST\STM32CubeIDE_1.6.1\STM32CubeIDE\plugins\com.st.stm32cube.common.mx_6.2.1.202103241236\\db\/plugins/boardmanager/
2022-04-11 23:15:37,958 [INFO] DbMcus:258 - Set plugin images path to: C:\ST\STM32CubeIDE_1.6.1\STM32CubeIDE\plugins\com.st.stm32cube.common.mx_6.2.1.202103241236\\db\/plugins/mcufinder/images/
2022-04-11 23:15:37,958 [INFO] DbBoards:264 - Set plugin images path to: C:\ST\STM32CubeIDE_1.6.1\STM32CubeIDE\plugins\com.st.stm32cube.common.mx_6.2.1.202103241236\\db\/plugins/mcufinder/images/
2022-04-11 23:15:37,959 [INFO] DbExamples:333 - Set plugin images path to: C:\ST\STM32CubeIDE_1.6.1\STM32CubeIDE\plugins\com.st.stm32cube.common.mx_6.2.1.202103241236\\db\/plugins/mcufinder/images/
2022-04-11 23:15:37,960 [WARN] DbFile:35 - Overriding database path with different value: C:\Users\reiji\.stmcufinder\plugins\mcufinder/ => C:\Users\reiji\.stmcufinder\plugins\mcufinder
2022-04-11 23:15:37,960 [INFO] DbMcusAds:85 - Set database path to: C:\Users\reiji\.stmcufinder\plugins\mcufinder//mcu/
2022-04-11 23:15:37,960 [WARN] DbFile:35 - Overriding database path with different value: C:\Users\reiji\.stmcufinder\plugins\mcufinder/ => C:\Users\reiji\.stmcufinder\plugins\mcufinder
2022-04-11 23:15:37,960 [INFO] DbMcusDocs:110 - Set database path to: C:\Users\reiji\.stmcufinder\plugins\mcufinder//mcu/
2022-04-11 23:15:37,960 [WARN] DbFile:35 - Overriding database path with different value: C:\Users\reiji\.stmcufinder\plugins\mcufinder/ => C:\Users\reiji\.stmcufinder\plugins\mcufinder
2022-04-11 23:15:37,960 [INFO] DbMcusJson:65 - Set database path to: C:\Users\reiji\.stmcufinder\plugins\mcufinder//mcu/
2022-04-11 23:15:37,961 [WARN] DbFile:35 - Overriding database path with different value: C:\Users\reiji\.stmcufinder\plugins\mcufinder/ => C:\Users\reiji\.stmcufinder\plugins\mcufinder
2022-04-11 23:15:37,961 [INFO] DbBoardsDocs:110 - Set database path to: C:\Users\reiji\.stmcufinder\plugins\mcufinder//mcu/
2022-04-11 23:15:37,961 [WARN] DbFile:35 - Overriding database path with different value: C:\Users\reiji\.stmcufinder\plugins\mcufinder/ => C:\Users\reiji\.stmcufinder\plugins\mcufinder
2022-04-11 23:15:37,962 [INFO] DbBoardsJson:58 - Set database path to: C:\Users\reiji\.stmcufinder\plugins\mcufinder//mcu/
2022-04-11 23:15:37,962 [WARN] DbFile:35 - Overriding database path with different value: C:\Users\reiji\.stmcufinder\plugins\mcufinder/ => C:\Users\reiji\.stmcufinder\plugins\mcufinder
2022-04-11 23:15:37,962 [WARN] DbFile:35 - Overriding database path with different value: C:\Users\reiji\.stmcufinder\plugins\mcufinder/ => C:\Users\reiji\.stmcufinder\plugins\mcufinder
2022-04-11 23:15:37,962 [INFO] CrossReferenceDbSqlite:196 - Set database path to: C:\Users\reiji\.stmcufinder\plugins\mcufinder//mcu/cs/
2022-04-11 23:15:37,963 [WARN] DbFile:35 - Overriding database path with different value: C:\Users\reiji\.stmcufinder\plugins\mcufinder/ => C:\Users\reiji\.stmcufinder\plugins\mcufinder
2022-04-11 23:15:37,963 [INFO] DbExamplesSqlite:690 - Set database path to: C:\Users\reiji\.stmcufinder\plugins\mcufinder//mcu/
2022-04-11 23:15:37,994 [INFO] ApplicationProperties:181 - Using Application install path: C:\ST\STM32CubeIDE_1.6.1\STM32CubeIDE\plugins\com.st.stm32cube.common.mx_6.2.1.202103241236
2022-04-11 23:15:37,997 [INFO] PluginManage:178 - Search for loadable plugins [exclusion list=, ]
2022-04-11 23:15:38,000 [INFO] PluginManage:292 - Check plugin analytics
2022-04-11 23:15:38,306 [INFO] AnalyticsPlugin:233 - Accepted Software Licenses: STM32CubeMX.6.2.1
2022-04-11 23:15:38,307 [INFO] AnalyticsPlugin:235 - Accepted CMSIS Pack Licenses: 
2022-04-11 23:15:38,308 [INFO] AnalyticsPlugin:237 - Accepted Firmware Licenses: 
2022-04-11 23:15:38,309 [INFO] PluginManage:342 - Loaded plugin analytics (category:tool,tabindex:-1)
2022-04-11 23:15:38,310 [INFO] PluginManage:292 - Check plugin clock
2022-04-11 23:15:38,348 [INFO] PluginManage:342 - Loaded plugin clock (category:base,tabindex:2)
2022-04-11 23:15:38,348 [INFO] PluginManage:292 - Check plugin ddr
2022-04-11 23:15:38,352 [INFO] PluginManage:342 - Loaded plugin ddr (category:tool,tabindex:6)
2022-04-11 23:15:38,353 [INFO] PluginManage:292 - Check plugin filemanager
2022-04-11 23:15:38,519 [INFO] PluginManage:342 - Loaded plugin filemanager (category:base,tabindex:10)
2022-04-11 23:15:38,519 [INFO] PluginManage:292 - Check plugin ipmanager
2022-04-11 23:15:38,530 [INFO] PluginManage:342 - Loaded plugin ipmanager (category:base,tabindex:5)
2022-04-11 23:15:38,530 [INFO] PluginManage:292 - Check plugin pinoutandconfiguration
2022-04-11 23:15:38,563 [INFO] PluginManage:342 - Loaded plugin pinoutandconfiguration (category:base,tabindex:1)
2022-04-11 23:15:38,563 [INFO] PluginManage:292 - Check plugin pinoutconfig
2022-04-11 23:15:38,621 [INFO] PluginManage:342 - Loaded plugin pinoutconfig (category:base,tabindex:0)
2022-04-11 23:15:38,621 [INFO] PluginManage:292 - Check plugin power
2022-04-11 23:15:38,653 [INFO] PluginManage:342 - Loaded plugin power (category:power,tabindex:4)
2022-04-11 23:15:38,654 [INFO] PluginManage:292 - Check plugin projectmanager
2022-04-11 23:15:38,696 [INFO] PluginManage:342 - Loaded plugin projectmanager (category:projectmanager,tabindex:3)
2022-04-11 23:15:38,697 [INFO] PluginManage:292 - Check plugin thirdparty
2022-04-11 23:15:39,217 [INFO] PluginManage:342 - Loaded plugin thirdparty (category:base,tabindex:-1)
2022-04-11 23:15:39,217 [INFO] PluginManage:292 - Check plugin tools
2022-04-11 23:15:39,217 [WARN] IntegrityCheckThread:59 - waiting for thirdparty lock release [integrity check]
2022-04-11 23:15:39,218 [INFO] IntegrityCheckThread:61 - entering critical section [integrity check]
2022-04-11 23:15:39,219 [INFO] ThirdPartyUpdaterWithRetryManager:56 - Updater plugin not ready yet. [1/15]
2022-04-11 23:15:39,311 [INFO] PluginManage:342 - Loaded plugin tools (category:base,tabindex:7)
2022-04-11 23:15:39,312 [INFO] PluginManage:292 - Check plugin tutovideos
2022-04-11 23:15:39,809 [INFO] PluginManage:342 - Loaded plugin tutovideos (category:base,tabindex:-1)
2022-04-11 23:15:39,809 [INFO] PluginManage:292 - Check plugin updater
2022-04-11 23:15:39,826 [INFO] PluginManage:342 - Loaded plugin updater (category:base,tabindex:12)
2022-04-11 23:15:39,828 [INFO] PluginManage:265 - PluginManage : Loaded plugins [13]
2022-04-11 23:15:40,150 [INFO] PinOutPanel:1435 - setPackage(No Configuration,No Configuration)
2022-04-11 23:15:40,367 [INFO] IPUIPlugin:64 - create IPUIPlugin
2022-04-11 23:15:40,368 [INFO] PluginManager:203 - loadIPPluginJar : add adc
2022-04-11 23:15:40,425 [INFO] IPUIPlugin:64 - create IPUIPlugin
2022-04-11 23:15:40,425 [INFO] PluginManager:203 - loadIPPluginJar : add aes
2022-04-11 23:15:40,507 [INFO] IPUIPlugin:64 - create IPUIPlugin
2022-04-11 23:15:40,507 [INFO] PluginManager:203 - loadIPPluginJar : add can
2022-04-11 23:15:40,562 [INFO] IPUIPlugin:64 - create IPUIPlugin
2022-04-11 23:15:40,562 [INFO] PluginManager:203 - loadIPPluginJar : add comp
2022-04-11 23:15:40,614 [INFO] IPUIPlugin:64 - create IPUIPlugin
2022-04-11 23:15:40,614 [INFO] PluginManager:203 - loadIPPluginJar : add cryp
2022-04-11 23:15:40,671 [INFO] IPUIPlugin:64 - create IPUIPlugin
2022-04-11 23:15:40,671 [INFO] PluginManager:203 - loadIPPluginJar : add dfsdm
2022-04-11 23:15:40,694 [INFO] IPUIPlugin:64 - create IPUIPlugin
2022-04-11 23:15:40,696 [INFO] PluginManager:203 - loadIPPluginJar : add dma
2022-04-11 23:15:40,749 [INFO] IPUIPlugin:64 - create IPUIPlugin
2022-04-11 23:15:40,750 [INFO] PluginManager:203 - loadIPPluginJar : add fatfs
2022-04-11 23:15:40,845 [INFO] IPUIPlugin:64 - create IPUIPlugin
2022-04-11 23:15:40,846 [INFO] PluginManager:203 - loadIPPluginJar : add fmc
2022-04-11 23:15:40,868 [INFO] IPUIPlugin:64 - create IPUIPlugin
2022-04-11 23:15:40,869 [INFO] PluginManager:203 - loadIPPluginJar : add freertos
2022-04-11 23:15:40,933 [INFO] IPUIPlugin:64 - create IPUIPlugin
2022-04-11 23:15:40,933 [INFO] PluginManager:203 - loadIPPluginJar : add genericplugin
2022-04-11 23:15:41,096 [INFO] IPUIPlugin:64 - create IPUIPlugin
2022-04-11 23:15:41,096 [INFO] PluginManager:203 - loadIPPluginJar : add gfxmmu
2022-04-11 23:15:41,428 [INFO] IPUIPlugin:64 - create IPUIPlugin
2022-04-11 23:15:41,429 [INFO] PluginManager:203 - loadIPPluginJar : add gic
2022-04-11 23:15:41,452 [INFO] IPUIPlugin:64 - create IPUIPlugin
2022-04-11 23:15:41,452 [INFO] PluginManager:203 - loadIPPluginJar : add gpio
2022-04-11 23:15:41,598 [INFO] IPUIPlugin:64 - create IPUIPlugin
2022-04-11 23:15:41,599 [INFO] PluginManager:203 - loadIPPluginJar : add gtzc
2022-04-11 23:15:41,686 [INFO] IPUIPlugin:64 - create IPUIPlugin
2022-04-11 23:15:41,687 [INFO] PluginManager:203 - loadIPPluginJar : add hash
2022-04-11 23:15:41,823 [INFO] IPUIPlugin:64 - create IPUIPlugin
2022-04-11 23:15:41,823 [INFO] PluginManager:203 - loadIPPluginJar : add i2c
2022-04-11 23:15:41,964 [INFO] IPUIPlugin:64 - create IPUIPlugin
2022-04-11 23:15:41,964 [INFO] PluginManager:203 - loadIPPluginJar : add i2s
2022-04-11 23:15:42,045 [INFO] IPUIPlugin:64 - create IPUIPlugin
2022-04-11 23:15:42,045 [INFO] PluginManager:203 - loadIPPluginJar : add ipddr
2022-04-11 23:15:42,106 [INFO] IPUIPlugin:64 - create IPUIPlugin
2022-04-11 23:15:42,106 [INFO] PluginManager:203 - loadIPPluginJar : add lorawan
2022-04-11 23:15:42,195 [INFO] IPUIPlugin:64 - create IPUIPlugin
2022-04-11 23:15:42,195 [INFO] PluginManager:203 - loadIPPluginJar : add ltdc
2022-04-11 23:15:42,223 [INFO] ThirdPartyUpdaterWithRetryManager:56 - Updater plugin not ready yet. [2/15]
2022-04-11 23:15:42,255 [INFO] IPUIPlugin:64 - create IPUIPlugin
2022-04-11 23:15:42,256 [INFO] PluginManager:203 - loadIPPluginJar : add mdma
2022-04-11 23:15:42,302 [INFO] IPUIPlugin:64 - create IPUIPlugin
2022-04-11 23:15:42,302 [INFO] PluginManager:203 - loadIPPluginJar : add nvic
2022-04-11 23:15:42,416 [INFO] IPUIPlugin:64 - create IPUIPlugin
2022-04-11 23:15:42,417 [INFO] PluginManager:203 - loadIPPluginJar : add opamp
2022-04-11 23:15:42,602 [INFO] IPUIPlugin:64 - create IPUIPlugin
2022-04-11 23:15:42,603 [INFO] PluginManager:203 - loadIPPluginJar : add openamp
2022-04-11 23:15:42,880 [INFO] IPUIPlugin:64 - create IPUIPlugin
2022-04-11 23:15:42,880 [INFO] PluginManager:203 - loadIPPluginJar : add pdm2pcm
2022-04-11 23:15:42,932 [INFO] IPUIPlugin:64 - create IPUIPlugin
2022-04-11 23:15:42,940 [INFO] PluginManager:203 - loadIPPluginJar : add plateformsettings
2022-04-11 23:15:42,999 [INFO] IPUIPlugin:64 - create IPUIPlugin
2022-04-11 23:15:42,999 [INFO] PluginManager:203 - loadIPPluginJar : add quadspi
2022-04-11 23:15:43,066 [INFO] IPUIPlugin:64 - create IPUIPlugin
2022-04-11 23:15:43,066 [INFO] PluginManager:203 - loadIPPluginJar : add resmgrutility
2022-04-11 23:15:43,199 [INFO] IPUIPlugin:64 - create IPUIPlugin
2022-04-11 23:15:43,199 [INFO] PluginManager:203 - loadIPPluginJar : add sai
2022-04-11 23:15:43,289 [INFO] IPUIPlugin:64 - create IPUIPlugin
2022-04-11 23:15:43,289 [INFO] PluginManager:203 - loadIPPluginJar : add spi
2022-04-11 23:15:43,486 [INFO] IPUIPlugin:64 - create IPUIPlugin
2022-04-11 23:15:43,487 [INFO] PluginManager:203 - loadIPPluginJar : add stm32_wpan
2022-04-11 23:15:43,570 [INFO] IPUIPlugin:64 - create IPUIPlugin
2022-04-11 23:15:43,571 [INFO] PluginManager:203 - loadIPPluginJar : add tim
2022-04-11 23:15:43,811 [INFO] IPUIPlugin:64 - create IPUIPlugin
2022-04-11 23:15:43,812 [INFO] PluginManager:203 - loadIPPluginJar : add touchsensing
2022-04-11 23:15:43,902 [INFO] IPUIPlugin:64 - create IPUIPlugin
2022-04-11 23:15:43,903 [INFO] PluginManager:203 - loadIPPluginJar : add tracer_emb
2022-04-11 23:15:43,979 [INFO] IPUIPlugin:64 - create IPUIPlugin
2022-04-11 23:15:43,980 [INFO] PluginManager:203 - loadIPPluginJar : add ts
2022-04-11 23:15:44,046 [INFO] IPUIPlugin:64 - create IPUIPlugin
2022-04-11 23:15:44,047 [INFO] PluginManager:203 - loadIPPluginJar : add tsc
2022-04-11 23:15:44,112 [INFO] IPUIPlugin:64 - create IPUIPlugin
2022-04-11 23:15:44,112 [INFO] PluginManager:203 - loadIPPluginJar : add ucpd
2022-04-11 23:15:44,290 [INFO] IPUIPlugin:64 - create IPUIPlugin
2022-04-11 23:15:44,294 [INFO] PluginManager:203 - loadIPPluginJar : add usart
2022-04-11 23:15:45,165 [FATAL] Updater:284 - Updater called before beeing initialized
2022-04-11 23:15:45,233 [INFO] ThirdPartyUpdaterWithRetryManager:56 - Updater plugin not ready yet. [3/15]
2022-04-11 23:15:45,482 [FATAL] Updater:284 - Updater called before beeing initialized
2022-04-11 23:15:45,503 [INFO] DbMcusAds:132 - JSON generation date=Thu Sep 30 15:55:09 JST 2021 (1632984909265)
2022-04-11 23:15:45,504 [FATAL] Updater:284 - Updater called before beeing initialized
2022-04-11 23:15:45,698 [WARN] DetailPanel:315 - Failed to get advertising image, set to default
2022-04-11 23:15:46,393 [FATAL] Updater:284 - Updater called before beeing initialized
2022-04-11 23:15:46,398 [FATAL] Updater:284 - Updater called before beeing initialized
2022-04-11 23:15:46,398 [FATAL] Updater:284 - Updater called before beeing initialized
2022-04-11 23:15:46,399 [WARN] DetailPanel:315 - Failed to get advertising image, set to default
2022-04-11 23:15:46,402 [FATAL] Updater:284 - Updater called before beeing initialized
2022-04-11 23:15:46,579 [FATAL] Updater:284 - Updater called before beeing initialized
2022-04-11 23:15:46,579 [WARN] ThirdParty:796 - waiting for thirdparty lock release [close project]
2022-04-11 23:15:48,244 [FATAL] Updater:284 - Updater called before beeing initialized
2022-04-11 23:15:48,245 [ERROR] AbstractThirdPartyUpdaterManager:153 - class java.lang.Integer cannot be cast to class java.util.List (java.lang.Integer and java.util.List are in module java.base of loader 'bootstrap')
2022-04-11 23:15:48,245 [INFO] ThirdParty:900 - Integrity check success = false
2022-04-11 23:15:48,245 [INFO] IntegrityCheckThread:75 - exiting critical section [integrity check]
2022-04-11 23:15:48,246 [INFO] IntegrityCheckThread:78 - End integrity checks thread
2022-04-11 23:15:48,246 [INFO] ThirdParty:798 - entering critical section [close project]
2022-04-11 23:15:48,249 [INFO] ThirdParty:809 - exiting critical section [close project]
2022-04-11 23:15:48,259 [INFO] PinOutPanel:1435 - setPackage(No Configuration,No Configuration)
2022-04-11 23:15:48,260 [FATAL] Updater:284 - Updater called before beeing initialized
2022-04-11 23:15:48,292 [ERROR] Updater:1065 - MainUpdater not yet initialized. External WinMGr cannot be set.
2022-04-11 23:15:48,315 [INFO] Updater:1002 - Updater Version found : 6.2.1
2022-04-11 23:15:48,370 [INFO] ApplicationProperties:181 - Using Application install path: C:\ST\STM32CubeIDE_1.6.1\STM32CubeIDE\plugins\com.st.stm32cube.common.mx_6.2.1.202103241236
2022-04-11 23:15:49,199 [INFO] MainUpdater:2661 - connection check result : 10
2022-04-11 23:15:49,202 [INFO] MainUpdater:255 - Updater Check For Update Now.
2022-04-11 23:15:49,204 [INFO] MicroXplorer:472 - Change Database Version : DB.6.0.21
2022-04-11 23:15:49,359 [INFO] CheckServerUpdateThread:102 - End of CheckServer Thread
2022-04-11 23:15:49,402 [INFO] MainUpdater:2661 - connection check result : 10
2022-04-11 23:15:50,214 [INFO] CrossSelectorPresenter:1330 - Cross Selector saved comparison directory: C:\Users\reiji\.stmcufinder\plugins\mcufinder\mcu\cs_comparisons_mx
2022-04-11 23:15:50,222 [INFO] MultiScanPanel:200 - Auto-refresh data requested => check proxy status ongoing
2022-04-11 23:15:50,227 [INFO] FinderPluginLoader:87 - Searching for filters in installed packs
2022-04-11 23:15:50,229 [INFO] DbMcusXml:100 - Load MCU database from C:\ST\STM32CubeIDE_1.6.1\STM32CubeIDE\plugins\com.st.stm32cube.common.mx_6.2.1.202103241236\\db\/mcu/families.xml
2022-04-11 23:15:52,417 [INFO] DbMcusJson:94 - JSON generation date=Wed Nov 17 01:17:54 JST 2021 (1637079474)
2022-04-11 23:15:54,536 [INFO] DbMcus:175 - Found 1906 MCUs (1866 are supported by CubeMX, 1920 are visible in CubeMX)
2022-04-11 23:15:54,545 [INFO] ApiDb:251 - Load user favorites file C:\Users\reiji/.stm32cubeide/favorites.mcus.txt: 1 item(s)
2022-04-11 23:15:54,546 [INFO] ApiDb:255 - User favorites MCUs=[STM32F303K8Tx]
2022-04-11 23:15:54,546 [INFO] DbMcus:187 - Set 1 / 1 favorites MCUs
2022-04-11 23:15:55,551 [INFO] DetailPanel:310 - Set advertising image to C:/Users/reiji/STM32Cube/Repository/\en.Prom_NBSTM32U50921.jpg
2022-04-11 23:15:56,288 [INFO] DbBoardsPdsc:90 - Found 24 items
2022-04-11 23:15:56,300 [INFO] DbBoardsPdsc:90 - Found 9 items
2022-04-11 23:15:56,315 [INFO] DbBoardsPdsc:90 - Found 33 items
2022-04-11 23:15:56,326 [INFO] DbBoardsPdsc:90 - Found 1 items
2022-04-11 23:15:56,345 [INFO] DbBoardsPdsc:90 - Found 46 items
2022-04-11 23:15:56,364 [INFO] DbBoardsPdsc:90 - Found 41 items
2022-04-11 23:15:56,376 [INFO] DbBoardsPdsc:90 - Found 2 items
2022-04-11 23:15:56,388 [INFO] DbBoardsPdsc:90 - Found 5 items
2022-04-11 23:15:56,393 [WARN] DbBoardsPdsc:254 - Board NUCLEO-WB15CC: unknown feature type=, name=, username=Three user LEDs, n=1
2022-04-11 23:15:56,393 [WARN] DbBoardsPdsc:254 - Board NUCLEO-WB15CC: unknown feature type=, name=, username=One reset and three user push-buttons, n=1
2022-04-11 23:15:56,393 [WARN] DbBoardsPdsc:254 - Board NUCLEO-WB15CC: unknown feature type=, name=, username=Arduino Uno V3 expansion connector, n=1
2022-04-11 23:15:56,393 [WARN] DbBoardsPdsc:254 - Board NUCLEO-WB15CC: unknown feature type=, name=, username=ST morpho extension pin headers for full access to all STM32WB I/Os, n=1
2022-04-11 23:15:56,393 [WARN] DbBoardsPdsc:254 - Board NUCLEO-WB15CC: unknown feature type=, name=, username=Integrated PCB antenna and SMA connector footprint, n=1
2022-04-11 23:15:56,394 [WARN] DbBoardsPdsc:254 - Board NUCLEO-WB15CC: unknown feature type=, name=, username=Flexible power-supply options: ST-LINK, USB VBUS, or external sources, n=1
2022-04-11 23:15:56,394 [WARN] DbBoardsPdsc:254 - Board NUCLEO-WB15CC: unknown feature type=, name=, username=On-board footprint to mount a CR2032 battery socket, n=1
2022-04-11 23:15:56,394 [WARN] DbBoardsPdsc:254 - Board NUCLEO-WB15CC: unknown feature type=, name=, username=On-board ST-LINK/V2-1 debugger/programmer with USB re-enumeration capability: mass storage, Virtual COM port, and debug port, n=1
2022-04-11 23:15:56,394 [WARN] DbBoardsPdsc:254 - Board NUCLEO-WB15CC: unknown feature type=, name=, username=Comprehensive free software libraries and examples available with the STM32CubeWB MCU Package, n=1
2022-04-11 23:15:56,395 [WARN] DbBoardsPdsc:254 - Board NUCLEO-WB15CC: unknown feature type=, name=, username=Support of a wide choice of Integrated Development Environments (IDEs) including IAR Embedded Workbench, MDK-ARM, STM32CubeIDE, and Mbed Studio, n=1
2022-04-11 23:15:56,400 [WARN] DbBoardsPdsc:254 - Board STM32H7B3I-DK: unknown feature type=Audio, name=, username=Audio stereo codec with Headphone Amp (CS42L51-CNZ), n=1
2022-04-11 23:15:56,402 [WARN] DbBoardsPdsc:254 - Board STM32H735G-DK: unknown feature type=Audio, name=, username=Audio stereo codec with Headphone Amp (WM8994ECS/R), n=1
2022-04-11 23:15:56,403 [WARN] DbBoardsPdsc:254 - Board STM32WB5MM-DK: unknown feature type=, name=, username=Time-of-Flight and gesture-detection sensor, n=1
2022-04-11 23:15:56,403 [WARN] DbBoardsPdsc:254 - Board STM32WB5MM-DK: unknown feature type=, name=, username=3 push-buttons (2 users and 1 reset) and 1 touch key button, n=1
2022-04-11 23:15:56,403 [WARN] DbBoardsPdsc:254 - Board STM32WB5MM-DK: unknown feature type=, name=, username=Flexible power-supply options: ST-LINK/V2-1 USB connector, 5 V delivered by ARDUINO?? or external connector, USB charger, or USB power, n=1
2022-04-11 23:15:56,403 [WARN] DbBoardsPdsc:254 - Board STM32WB5MM-DK: unknown feature type=, name=, username=On-board ST-LINK/V2-1 debugger/programmer with USB re-enumeration capability: Virtual COM port and debug port, n=1
2022-04-11 23:15:56,403 [WARN] DbBoardsPdsc:254 - Board STM32WB5MM-DK: unknown feature type=, name=, username=Comprehensive free software libraries and examples available with the STM32CubeWB MCU Package, n=1
2022-04-11 23:15:56,403 [WARN] DbBoardsPdsc:254 - Board STM32WB5MM-DK: unknown feature type=, name=, username=Support of a wide choice of Integrated Development Environments (IDEs) including IAR Embedded Workbench??, MDK-ARM, and STM32CubeIDE, n=1
2022-04-11 23:15:56,406 [WARN] DbBoardsPdsc:254 - Board STM32H7B3I-EVAL: unknown feature type=Audio, name=, username=Multi-Channel Audio Codec (CS42L51-CNZ), n=1
2022-04-11 23:15:56,406 [WARN] DbBoardsPdsc:254 - Board STM32H7B3I-EVAL: unknown feature type=Meter, name=, username=Power-metering and Temperature-monitoring with sigma-delta modulators, n=1
2022-04-11 23:15:56,407 [WARN] DbBoardsPdsc:254 - Board STM32H7B3I-EVAL: unknown feature type=Motor, name=, username=Motor Control, n=1
2022-04-11 23:15:56,500 [INFO] DbBoardsJson:87 - JSON generation date=Wed Nov 17 01:17:54 JST 2021 (1637079474)
2022-04-11 23:15:56,508 [INFO] DbBoards:117 - Found 167 boards (158 are supported by CubeMX)
2022-04-11 23:15:56,521 [INFO] DbBoardsDocs:143 - JSON generation date=Wed Nov 17 01:17:54 JST 2021 (1637079474)
2022-04-11 23:15:56,531 [INFO] DbBoardsDocs:79 - Found 209 boards documents
2022-04-11 23:15:56,532 [WARN] DbBoards:127 - board B-L475E-IOT01A2 has no document id list !
2022-04-11 23:15:56,534 [WARN] DbBoards:127 - board NUCLEO-H743ZI has no document id list !
2022-04-11 23:15:56,536 [WARN] DbBoards:127 - board NUCLEO-WL55JC2 has no document id list !
2022-04-11 23:15:56,536 [WARN] DbBoards:127 - board P-NUCLEO-WB55-Nucleo has no document id list !
2022-04-11 23:15:56,537 [WARN] DbBoards:127 - board P-NUCLEO-WB55-USBDongle has no document id list !
2022-04-11 23:15:56,537 [WARN] DbBoards:127 - board STEVAL-BFA001V1B has no document id list !
2022-04-11 23:15:56,537 [WARN] DbBoards:127 - board STEVAL-BFA001V2B has no document id list !
2022-04-11 23:15:56,537 [WARN] DbBoards:127 - board STEVAL-IDP005V1 has no document id list !
2022-04-11 23:15:56,537 [WARN] DbBoards:127 - board STEVAL-IDP005V2 has no document id list !
2022-04-11 23:15:56,537 [WARN] DbBoards:127 - board STEVAL-MKSBOX1V1 has no document id list !
2022-04-11 23:15:56,537 [WARN] DbBoards:127 - board STEVAL-STWINKT1 has no document id list !
2022-04-11 23:15:56,538 [WARN] DbBoards:127 - board STEVAL-STWINKT1B has no document id list !
2022-04-11 23:15:56,538 [WARN] DbBoards:127 - board STM32439I-EVAL2 has no document id list !
2022-04-11 23:15:56,539 [WARN] DbBoards:127 - board STM32F401C-DISCO has no document id list !
2022-04-11 23:15:56,540 [WARN] DbBoards:127 - board STM32F769I-DISC1 has no document id list !
2022-04-11 23:15:56,540 [WARN] DbBoards:127 - board STM32G474E-EVAL1 has no document id list !
2022-04-11 23:15:56,541 [WARN] DbBoards:127 - board STM32H743I-EVAL2 has no document id list !
2022-04-11 23:15:56,541 [WARN] DbBoards:127 - board STM32H747I-DISC1 has no document id list !
2022-04-11 23:15:56,542 [WARN] DbBoards:127 - board STM32H753I-EVAL2 has no document id list !
2022-04-11 23:15:56,542 [WARN] DbBoards:127 - board STM32L-DISCOVERY has no document id list !
2022-04-11 23:15:56,770 [ERROR] DbBoards:189 - Image file not found for board B-U585I-IOT02A: C:\ST\STM32CubeIDE_1.6.1\STM32CubeIDE\plugins\com.st.stm32cube.common.mx_6.2.1.202103241236\\db\/plugins/mcufinder/images/boards/B-U585I-IOT02A_small.jpg
2022-04-11 23:15:57,027 [ERROR] DbBoards:189 - Image file not found for board NUCLEO-F413ZH: C:\ST\STM32CubeIDE_1.6.1\STM32CubeIDE\plugins\com.st.stm32cube.common.mx_6.2.1.202103241236\\db\/plugins/mcufinder/images/boards/nucleo-f413zh_small.jpg
2022-04-11 23:15:57,374 [ERROR] DbBoards:189 - Image file not found for board NUCLEO-L552ZE-Q: C:\ST\STM32CubeIDE_1.6.1\STM32CubeIDE\plugins\com.st.stm32cube.common.mx_6.2.1.202103241236\\db\/plugins/mcufinder/images/boards/nucleo_l552ze_q_small.jpg
2022-04-11 23:15:57,374 [ERROR] DbBoards:189 - Image file not found for board NUCLEO-U575ZI-Q: C:\ST\STM32CubeIDE_1.6.1\STM32CubeIDE\plugins\com.st.stm32cube.common.mx_6.2.1.202103241236\\db\/plugins/mcufinder/images/boards/nucleo-u575zi-q_small.jpg
2022-04-11 23:15:57,374 [ERROR] DbBoards:189 - Image file not found for board NUCLEO-WB15CC: C:\ST\STM32CubeIDE_1.6.1\STM32CubeIDE\plugins\com.st.stm32cube.common.mx_6.2.1.202103241236\\db\/plugins/mcufinder/images/boards/nucleo-wb15cc_small.jpg
2022-04-11 23:15:57,374 [ERROR] DbBoards:189 - Image file not found for board NUCLEO-WB55RG: C:\ST\STM32CubeIDE_1.6.1\STM32CubeIDE\plugins\com.st.stm32cube.common.mx_6.2.1.202103241236\\db\/plugins/mcufinder/images/boards/nucleo-wb55rg_small.jpg
2022-04-11 23:15:59,137 [ERROR] DbBoards:189 - Image file not found for board STM32U575I-EV: C:\ST\STM32CubeIDE_1.6.1\STM32CubeIDE\plugins\com.st.stm32cube.common.mx_6.2.1.202103241236\\db\/plugins/mcufinder/images/boards/stm32u575i-ev_small.jpg
2022-04-11 23:15:59,263 [INFO] ApiDb:251 - Load user favorites file C:\Users\reiji/.stm32cubeide/favorites.boards.txt: 3 item(s)
2022-04-11 23:15:59,263 [INFO] ApiDb:255 - User favorites Boards=[NUCLEO-F302R8, NUCLEO-F303K8, NUCLEO-F446RE]
2022-04-11 23:15:59,264 [INFO] DbBoards:206 - Set 3 / 3 favorites Boards
2022-04-11 23:16:17,359 [INFO] McuResultTable:743 - Mark MCU STM32F405RGTx as favorite
2022-04-11 23:16:17,465 [INFO] DbMcusDocs:143 - JSON generation date=Wed Nov 17 01:17:54 JST 2021 (1637079474)
2022-04-11 23:16:18,021 [INFO] DbMcusDocs:79 - Found 682 MCUs documents
2022-04-11 23:16:37,240 [INFO] MainUpdater:2661 - connection check result : 10
2022-04-11 23:16:37,240 [INFO] MainUpdater:2661 - connection check result : 10
2022-04-11 23:16:37,333 [INFO] MicroXplorer:442 - Change Database Path : 
2022-04-11 23:16:37,334 [INFO] MicroXplorer:472 - Change Database Version : DB.6.0.21
2022-04-11 23:16:37,334 [WARN] ThirdParty:796 - waiting for thirdparty lock release [close project]
2022-04-11 23:16:37,334 [INFO] ThirdParty:798 - entering critical section [close project]
2022-04-11 23:16:37,334 [INFO] ThirdParty:809 - exiting critical section [close project]
2022-04-11 23:16:37,338 [INFO] PinOutPanel:1435 - setPackage(No Configuration,No Configuration)
2022-04-11 23:16:37,340 [INFO] UtilMem:74 - Begin LoadConfig() Used Memory: 667215408 Bytes (815792128)
2022-04-11 23:16:37,342 [INFO] MicroXplorer:442 - Change Database Path : 
2022-04-11 23:16:37,342 [INFO] MicroXplorer:472 - Change Database Version : DB.6.0.21
2022-04-11 23:16:37,343 [INFO] OpenFileManager:303 - Change cursor
2022-04-11 23:16:37,361 [WARN] IntegrityCheckThread:59 - waiting for thirdparty lock release [integrity check]
2022-04-11 23:16:37,362 [INFO] IntegrityCheckThread:61 - entering critical section [integrity check]
2022-04-11 23:16:37,682 [WARN] PackLoader:226 - Cannot read IP mode file for STMicroelectronics.X-CUBE-SUBG2.4.1.0
2022-04-11 23:16:37,906 [WARN] PackLoader:226 - Cannot read IP mode file for STMicroelectronics.X-CUBE-MEMS1.9.2.0
2022-04-11 23:16:38,291 [WARN] PackLoader:226 - Cannot read IP mode file for STMicroelectronics.X-CUBE-AZRTOS-H7.1.1.0
2022-04-11 23:16:38,313 [WARN] PackLoader:226 - Cannot read IP mode file for STMicroelectronics.X-CUBE-AI.7.1.0
2022-04-11 23:16:38,329 [WARN] PackLoader:226 - Cannot read IP mode file for STMicroelectronics.X-CUBE-BLE1.6.2.3
2022-04-11 23:16:38,349 [WARN] PackLoader:226 - Cannot read IP mode file for STMicroelectronics.X-CUBE-EEPRMA1.3.0.0
2022-04-11 23:16:38,368 [WARN] PackLoader:226 - Cannot read IP mode file for STMicroelectronics.X-CUBE-BLE1.6.2.0
2022-04-11 23:16:38,386 [WARN] PackLoader:226 - Cannot read IP mode file for STMicroelectronics.X-CUBE-BLE1.6.2.1
2022-04-11 23:16:38,404 [WARN] PackLoader:226 - Cannot read IP mode file for STMicroelectronics.X-CUBE-BLE1.6.2.2
2022-04-11 23:16:38,419 [WARN] PackLoader:226 - Cannot read IP mode file for STMicroelectronics.X-CUBE-BLE2.3.2.1
2022-04-11 23:16:38,446 [WARN] PackLoader:226 - Cannot read IP mode file for STMicroelectronics.X-CUBE-BLE2.3.2.2
2022-04-11 23:16:38,466 [WARN] PackLoader:226 - Cannot read IP mode file for STMicroelectronics.X-CUBE-NFC4.2.0.3
2022-04-11 23:16:38,488 [WARN] PackLoader:226 - Cannot read IP mode file for STMicroelectronics.X-CUBE-NFC4.2.0.2
2022-04-11 23:16:38,508 [WARN] PackLoader:226 - Cannot read IP mode file for STMicroelectronics.X-CUBE-TOUCHGFX.4.19.0
2022-04-11 23:16:38,526 [WARN] PackLoader:226 - Cannot read IP mode file for STMicroelectronics.X-CUBE-BLE2.3.2.0
2022-04-11 23:16:38,548 [WARN] PackLoader:226 - Cannot read IP mode file for STMicroelectronics.X-CUBE-SFXS2LP1.3.1.0
2022-04-11 23:16:38,613 [WARN] PackLoader:226 - Cannot read IP mode file for STMicroelectronics.X-CUBE-AZRTOS-F4.1.0.0
2022-04-11 23:16:38,638 [WARN] PackLoader:226 - Cannot read IP mode file for STMicroelectronics.X-CUBE-TOF1.2.0.0
2022-04-11 23:16:38,658 [WARN] PackLoader:226 - Cannot read IP mode file for STMicroelectronics.X-CUBE-NFC7.1.0.0
2022-04-11 23:16:38,692 [WARN] PackLoader:226 - Cannot read IP mode file for STMicroelectronics.X-CUBE-SUBG2.4.2.0
2022-04-11 23:16:38,744 [WARN] PackLoader:226 - Cannot read IP mode file for STMicroelectronics.X-CUBE-AZRTOS-H7.1.0.0
2022-04-11 23:16:38,771 [WARN] PackLoader:226 - Cannot read IP mode file for STMicroelectronics.X-CUBE-ALGOBUILD.1.2.1
2022-04-11 23:16:38,791 [WARN] PackLoader:226 - Cannot read IP mode file for STMicroelectronics.X-CUBE-DISPLAY.1.0.0
2022-04-11 23:16:38,806 [WARN] PackLoader:226 - Cannot read IP mode file for STMicroelectronics.X-CUBE-AI.6.0.0
2022-04-11 23:16:38,859 [WARN] PackLoader:226 - Cannot read IP mode file for STMicroelectronics.X-CUBE-AZRTOS-G0.1.0.0
2022-04-11 23:16:38,896 [WARN] PackLoader:226 - Cannot read IP mode file for STMicroelectronics.X-CUBE-ALGOBUILD.1.2.0
2022-04-11 23:16:38,910 [WARN] PackLoader:226 - Cannot read IP mode file for wolfSSL.I-CUBE-wolfSSL.4.7.0
2022-04-11 23:16:38,923 [WARN] PackLoader:226 - Cannot read IP mode file for STMicroelectronics.X-CUBE-TOUCHGFX.4.18.1
2022-04-11 23:16:38,935 [WARN] PackLoader:226 - Cannot read IP mode file for STMicroelectronics.X-CUBE-TOUCHGFX.4.18.0
2022-04-11 23:16:38,955 [WARN] PackLoader:226 - Cannot read IP mode file for RoweBots.I-CUBE-UNISONRTOS.5.5.0-4
2022-04-11 23:16:38,977 [WARN] PackLoader:226 - Cannot read IP mode file for STMicroelectronics.X-CUBE-SFXS2LP1.3.0.0
2022-04-11 23:16:39,066 [WARN] PackLoader:226 - Cannot read IP mode file for STMicroelectronics.X-CUBE-MEMS1.9.0.0
2022-04-11 23:16:39,349 [WARN] PackLoader:226 - Cannot read IP mode file for STMicroelectronics.X-CUBE-ALGOBUILD.1.3.0
2022-04-11 23:16:39,427 [WARN] PackLoader:226 - Cannot read IP mode file for SEGGER.I-CUBE-embOS.1.2.0
2022-04-11 23:16:39,534 [WARN] PackLoader:226 - Cannot read IP mode file for STMicroelectronics.X-CUBE-TOUCHGFX.4.17.0
2022-04-11 23:16:39,590 [WARN] PackLoader:226 - Cannot read IP mode file for STMicroelectronics.X-CUBE-AZRTOS-H7.2.0.0
2022-04-11 23:16:39,643 [WARN] PackLoader:226 - Cannot read IP mode file for STMicroelectronics.X-CUBE-AZRTOS-G4.1.0.0
2022-04-11 23:16:39,690 [WARN] PackLoader:226 - Cannot read IP mode file for STMicroelectronics.X-CUBE-AZRTOS-L4.1.0.0
2022-04-11 23:16:39,709 [WARN] PackLoader:226 - Cannot read IP mode file for emotas.I-CUBE-CANOPEN.1.1.2
2022-04-11 23:16:39,775 [WARN] PackLoader:226 - Cannot read IP mode file for STMicroelectronics.X-CUBE-AZRTOS-F7.1.0.0
2022-04-11 23:16:39,814 [WARN] PackLoader:226 - Cannot read IP mode file for STMicroelectronics.X-CUBE-AZRTOS-WL.1.0.0
2022-04-11 23:16:39,910 [WARN] PackLoader:226 - Cannot read IP mode file for STMicroelectronics.X-CUBE-MEMS1.9.1.0
2022-04-11 23:16:40,204 [WARN] PackLoader:226 - Cannot read IP mode file for STMicroelectronics.X-CUBE-TOF1.1.0.0
2022-04-11 23:16:40,220 [WARN] PackLoader:226 - Cannot read IP mode file for portGmbH.I-Cube-SoM-uGOAL.1.1.0
2022-04-11 23:16:40,232 [WARN] PackLoader:226 - Cannot read IP mode file for STMicroelectronics.X-CUBE-ALS.1.0.1
2022-04-11 23:16:40,243 [WARN] PackLoader:226 - Cannot read IP mode file for STMicroelectronics.X-CUBE-AI.7.0.0
2022-04-11 23:16:40,332 [WARN] PackLoader:226 - Cannot read IP mode file for STMicroelectronics.X-CUBE-MEMS1.8.3.0
2022-04-11 23:16:40,667 [WARN] PackLoader:226 - Cannot read IP mode file for STMicroelectronics.X-CUBE-AZRTOS-L5.1.0.0
2022-04-11 23:16:40,691 [WARN] PackLoader:226 - Cannot read IP mode file for STMicroelectronics.X-CUBE-EEPRMA1.3.1.0
2022-04-11 23:16:40,709 [WARN] PackLoader:226 - Cannot read IP mode file for STMicroelectronics.X-CUBE-EEPRMA1.3.1.1
2022-04-11 23:16:40,725 [WARN] PackLoader:226 - Cannot read IP mode file for STMicroelectronics.X-CUBE-GNSS1.5.2.0
2022-04-11 23:16:40,739 [WARN] PackLoader:226 - Cannot read IP mode file for STMicroelectronics.X-CUBE-DISPLAY.2.0.0
2022-04-11 23:16:40,754 [WARN] PackLoader:226 - Cannot read IP mode file for STMicroelectronics.X-CUBE-DISPLAY.2.0.1
2022-04-11 23:16:40,766 [WARN] PackLoader:226 - Cannot read IP mode file for STMicroelectronics.X-CUBE-TOUCHGFX.4.16.1
2022-04-11 23:16:40,783 [WARN] PackLoader:226 - Cannot read IP mode file for STMicroelectronics.X-CUBE-TOF1.3.0.0
2022-04-11 23:16:40,786 [INFO] ThirdParty:900 - Integrity check success = true
2022-04-11 23:16:40,786 [INFO] IntegrityCheckThread:75 - exiting critical section [integrity check]
2022-04-11 23:16:40,786 [INFO] IntegrityCheckThread:78 - End integrity checks thread
2022-04-11 23:16:44,028 [INFO] Context:587 - Trying to add GPIOservice into a context  which must be forbidden
2022-04-11 23:16:44,816 [INFO] ImportTextPane:162 - (OptionalMessage_ERROR) Unable to find key (Mcu.ThirdPartyNb) in loaded IOC file
2022-04-11 23:16:44,816 [INFO] ImportTextPane:162 - (OptionalMessage_ERROR) Unable to find key (Mcu.PinsNb) in loaded IOC file
2022-04-11 23:16:44,816 [INFO] ImportTextPane:162 - (OptionalMessage_ERROR) Unable to find key (Mcu.IPNb) in loaded IOC file
2022-04-11 23:16:44,899 [WARN] ApiManager:294 - Cannot register API 'Board Extension:S2868A1' from pack STMicroelectronics.X-CUBE-SFXS2LP1.3.0.0: no header file found
2022-04-11 23:16:44,899 [WARN] ApiManager:294 - Cannot register API 'Board Extension:S2868A2' from pack STMicroelectronics.X-CUBE-SFXS2LP1.3.0.0: no header file found
2022-04-11 23:16:44,900 [WARN] ApiManager:294 - Cannot register API 'Board Extension:S2915A1' from pack STMicroelectronics.X-CUBE-SFXS2LP1.3.0.0: no header file found
2022-04-11 23:16:44,907 [WARN] ApiManager:294 - Cannot register API 'Board Extension:S2868A1' from pack STMicroelectronics.X-CUBE-SUBG2.4.1.0: no header file found
2022-04-11 23:16:44,907 [WARN] ApiManager:294 - Cannot register API 'Board Extension:S2868A2' from pack STMicroelectronics.X-CUBE-SUBG2.4.1.0: no header file found
2022-04-11 23:16:44,907 [WARN] ApiManager:294 - Cannot register API 'Board Extension:S2915A1' from pack STMicroelectronics.X-CUBE-SUBG2.4.1.0: no header file found
2022-04-11 23:16:45,098 [WARN] ApiManager:294 - Cannot register API 'Board Extension:IKS01A3' from pack STMicroelectronics.X-CUBE-MEMS1.9.0.0: no header file found
2022-04-11 23:16:45,098 [WARN] ApiManager:294 - Cannot register API 'Board Extension:IKS01A2' from pack STMicroelectronics.X-CUBE-MEMS1.9.0.0: no header file found
2022-04-11 23:16:45,098 [WARN] ApiManager:294 - Cannot register API 'Board Extension:IKS02A1' from pack STMicroelectronics.X-CUBE-MEMS1.9.0.0: no header file found
2022-04-11 23:16:45,342 [WARN] ApiManager:294 - Cannot register API 'Board Extension:IKS01A3' from pack STMicroelectronics.X-CUBE-MEMS1.9.2.0: no header file found
2022-04-11 23:16:45,342 [WARN] ApiManager:294 - Cannot register API 'Board Extension:IKS01A2' from pack STMicroelectronics.X-CUBE-MEMS1.9.2.0: no header file found
2022-04-11 23:16:45,343 [WARN] ApiManager:294 - Cannot register API 'Board Extension:IKS02A1' from pack STMicroelectronics.X-CUBE-MEMS1.9.2.0: no header file found
2022-04-11 23:16:45,357 [WARN] ApiManager:294 - Cannot register API 'Wireless:BlueNRG-MS' from pack STMicroelectronics.X-CUBE-BLE1.6.2.3: no header file found
2022-04-11 23:16:45,358 [WARN] ApiManager:294 - Cannot register API 'Board Extension:EEPRMA1' from pack STMicroelectronics.X-CUBE-EEPRMA1.3.0.0: no header file found
2022-04-11 23:16:45,358 [WARN] ApiManager:294 - Cannot register API 'Board Extension:EEPRMA2' from pack STMicroelectronics.X-CUBE-EEPRMA1.3.0.0: no header file found
2022-04-11 23:16:45,365 [INFO] RtosManager:470 - Registered RTOS mode: class=CMSIS, group=RTOS, mode=CMSIS_V1, owner=FREERTOS
2022-04-11 23:16:45,366 [INFO] RtosManager:470 - Registered RTOS mode: class=CMSIS, group=RTOS2, mode=CMSIS_V2, owner=FREERTOS
2022-04-11 23:16:45,366 [INFO] RtosManager:470 - Registered RTOS mode: class=RTOS, group=Core, mode=CMSIS_V1, owner=FREERTOS
2022-04-11 23:16:45,366 [INFO] RtosManager:470 - Registered RTOS mode: class=RTOS, group=Core, mode=CMSIS_V2, owner=FREERTOS
2022-04-11 23:16:45,367 [WARN] ModelIntegratedComponent:182 - Missing modes for component STMicroelectronics:FreeRTOS:0.0.1:STMicroelectronics:RTOS:FreeRTOS:Core:::10.2.0:
2022-04-11 23:16:45,376 [WARN] ApiManager:294 - Cannot register API 'Wireless:BlueNRG-MS' from pack STMicroelectronics.X-CUBE-BLE1.6.2.0: no header file found
2022-04-11 23:16:45,377 [WARN] ApiManager:294 - Cannot register API 'Wireless:BlueNRG-MS' from pack STMicroelectronics.X-CUBE-BLE1.6.2.1: no header file found
2022-04-11 23:16:45,377 [WARN] ApiManager:294 - Cannot register API 'Wireless:BlueNRG-MS' from pack STMicroelectronics.X-CUBE-BLE1.6.2.2: no header file found
2022-04-11 23:16:45,378 [WARN] ApiManager:294 - Cannot register API 'Wireless:BlueNRG-2' from pack STMicroelectronics.X-CUBE-BLE2.3.2.1: no header file found
2022-04-11 23:16:45,378 [WARN] ApiManager:294 - Cannot register API 'Wireless:BlueNRG-2' from pack STMicroelectronics.X-CUBE-BLE2.3.2.2: no header file found
2022-04-11 23:16:45,380 [WARN] ApiManager:294 - Cannot register API 'Board Extension:NFC04A1' from pack STMicroelectronics.X-CUBE-NFC4.2.0.3: no header file found
2022-04-11 23:16:45,381 [WARN] ApiManager:294 - Cannot register API 'Board Extension:NFC04A1' from pack STMicroelectronics.X-CUBE-NFC4.2.0.2: no header file found
2022-04-11 23:16:45,383 [WARN] ApiManager:294 - Cannot register API 'Wireless:BlueNRG-2' from pack STMicroelectronics.X-CUBE-BLE2.3.2.0: no header file found
2022-04-11 23:16:45,384 [WARN] ApiManager:294 - Cannot register API 'Board Extension:S2868A1' from pack STMicroelectronics.X-CUBE-SFXS2LP1.3.1.0: no header file found
2022-04-11 23:16:45,384 [WARN] ApiManager:294 - Cannot register API 'Board Extension:S2868A2' from pack STMicroelectronics.X-CUBE-SFXS2LP1.3.1.0: no header file found
2022-04-11 23:16:45,385 [WARN] ApiManager:294 - Cannot register API 'Board Extension:S2915A1' from pack STMicroelectronics.X-CUBE-SFXS2LP1.3.1.0: no header file found
2022-04-11 23:16:45,397 [WARN] ModelIntegratedComponent:51 - No mode defined for component null
2022-04-11 23:16:45,397 [WARN] ModelIntegratedComponent:51 - No mode defined for component null
2022-04-11 23:16:45,397 [WARN] ModelIntegratedComponent:51 - No mode defined for component null
2022-04-11 23:16:45,398 [WARN] ModelIntegratedComponent:51 - No mode defined for component null
2022-04-11 23:16:45,398 [WARN] ModelIntegratedComponent:51 - No mode defined for component null
2022-04-11 23:16:45,398 [WARN] ModelIntegratedComponent:51 - No mode defined for component null
2022-04-11 23:16:45,398 [WARN] ModelIntegratedComponent:51 - No mode defined for component null
2022-04-11 23:16:45,398 [WARN] ModelIntegratedComponent:51 - No mode defined for component null
2022-04-11 23:16:45,398 [WARN] ModelIntegratedComponent:51 - No mode defined for component null
2022-04-11 23:16:45,398 [WARN] ModelIntegratedComponent:51 - No mode defined for component null
2022-04-11 23:16:45,398 [WARN] ModelIntegratedComponent:51 - No mode defined for component null
2022-04-11 23:16:45,399 [WARN] ModelIntegratedComponent:51 - No mode defined for component null
2022-04-11 23:16:45,399 [WARN] ModelIntegratedComponent:51 - No mode defined for component null
2022-04-11 23:16:45,399 [WARN] ModelIntegratedComponent:51 - No mode defined for component null
2022-04-11 23:16:45,399 [WARN] ModelIntegratedComponent:51 - No mode defined for component null
2022-04-11 23:16:45,399 [WARN] ModelIntegratedComponent:51 - No mode defined for component null
2022-04-11 23:16:45,399 [WARN] ModelIntegratedComponent:51 - No mode defined for component null
2022-04-11 23:16:45,400 [WARN] ModelIntegratedComponent:51 - No mode defined for component null
2022-04-11 23:16:45,400 [WARN] ModelIntegratedComponent:51 - No mode defined for component null
2022-04-11 23:16:45,400 [WARN] ModelIntegratedComponent:51 - No mode defined for component null
2022-04-11 23:16:45,400 [WARN] ModelIntegratedComponent:51 - No mode defined for component null
2022-04-11 23:16:45,400 [WARN] ModelIntegratedComponent:51 - No mode defined for component null
2022-04-11 23:16:45,400 [WARN] ModelIntegratedComponent:51 - No mode defined for component null
2022-04-11 23:16:45,400 [WARN] ModelIntegratedComponent:51 - No mode defined for component null
2022-04-11 23:16:45,400 [WARN] ModelIntegratedComponent:51 - No mode defined for component null
2022-04-11 23:16:45,401 [WARN] ModelIntegratedComponent:51 - No mode defined for component null
2022-04-11 23:16:45,401 [WARN] ModelIntegratedComponent:51 - No mode defined for component null
2022-04-11 23:16:45,402 [WARN] ApiManager:294 - Cannot register API 'Board Extension:NFC07A1' from pack STMicroelectronics.X-CUBE-NFC7.1.0.0: no header file found
2022-04-11 23:16:45,407 [WARN] ApiManager:294 - Cannot register API 'Board Extension:S2868A1' from pack STMicroelectronics.X-CUBE-SUBG2.4.2.0: no header file found
2022-04-11 23:16:45,407 [WARN] ApiManager:294 - Cannot register API 'Board Extension:S2868A2' from pack STMicroelectronics.X-CUBE-SUBG2.4.2.0: no header file found
2022-04-11 23:16:45,407 [WARN] ApiManager:294 - Cannot register API 'Board Extension:S2915A1' from pack STMicroelectronics.X-CUBE-SUBG2.4.2.0: no header file found
2022-04-11 23:16:45,585 [WARN] ApiManager:294 - Cannot register API 'Board Extension:IKS01A3' from pack STMicroelectronics.X-CUBE-MEMS1.9.1.0: no header file found
2022-04-11 23:16:45,585 [WARN] ApiManager:294 - Cannot register API 'Board Extension:IKS01A2' from pack STMicroelectronics.X-CUBE-MEMS1.9.1.0: no header file found
2022-04-11 23:16:45,585 [WARN] ApiManager:294 - Cannot register API 'Board Extension:IKS02A1' from pack STMicroelectronics.X-CUBE-MEMS1.9.1.0: no header file found
2022-04-11 23:16:45,807 [WARN] ApiManager:294 - Cannot register API 'Board Extension:IKS01A3' from pack STMicroelectronics.X-CUBE-MEMS1.8.3.0: no header file found
2022-04-11 23:16:45,807 [WARN] ApiManager:294 - Cannot register API 'Board Extension:IKS01A2' from pack STMicroelectronics.X-CUBE-MEMS1.8.3.0: no header file found
2022-04-11 23:16:45,807 [WARN] ApiManager:294 - Cannot register API 'Board Extension:IKS02A1' from pack STMicroelectronics.X-CUBE-MEMS1.8.3.0: no header file found
2022-04-11 23:16:45,817 [WARN] ApiManager:294 - Cannot register API 'Board Extension:EEPRMA1' from pack STMicroelectronics.X-CUBE-EEPRMA1.3.1.0: no header file found
2022-04-11 23:16:45,817 [WARN] ApiManager:294 - Cannot register API 'Board Extension:EEPRMA2' from pack STMicroelectronics.X-CUBE-EEPRMA1.3.1.0: no header file found
2022-04-11 23:16:45,819 [WARN] ApiManager:294 - Cannot register API 'Board Extension:EEPRMA1' from pack STMicroelectronics.X-CUBE-EEPRMA1.3.1.1: no header file found
2022-04-11 23:16:45,819 [WARN] ApiManager:294 - Cannot register API 'Board Extension:EEPRMA2' from pack STMicroelectronics.X-CUBE-EEPRMA1.3.1.1: no header file found
2022-04-11 23:16:45,820 [WARN] ApiManager:294 - Cannot register API 'Board Extension:GNSS1A1' from pack STMicroelectronics.X-CUBE-GNSS1.5.2.0: no header file found
2022-04-11 23:16:45,820 [WARN] ApiManager:294 - Cannot register API 'Board Support:Custom' from pack STMicroelectronics.X-CUBE-GNSS1.5.2.0: no header file found
2022-04-11 23:16:45,820 [WARN] ApiManager:294 - Cannot register API 'Data Exchange:lib_gnss' from pack STMicroelectronics.X-CUBE-GNSS1.5.2.0: no header file found
2022-04-11 23:16:56,241 [INFO] UtilMem:74 - End LoadConfig() Used Memory: 613100048 Bytes (815792128)
2022-04-11 23:16:56,253 [WARN] ThirdParty:762 - waiting for thirdparty lock release [change project]
2022-04-11 23:16:56,254 [INFO] ThirdParty:764 - entering critical section [change project]
2022-04-11 23:16:56,254 [INFO] ThirdParty:952 - CMSIS Pack Vendor :RoweBots I-CUBE-UNISONRTOS 5.5.0-4
2022-04-11 23:16:56,254 [INFO] ThirdParty:952 - CMSIS Pack Vendor :STMicroelectronics X-CUBE-SFXS2LP1 3.0.0
2022-04-11 23:16:56,254 [INFO] ThirdParty:952 - CMSIS Pack Vendor :STMicroelectronics USB_HOST 2.0.0
2022-04-11 23:16:56,254 [INFO] ThirdParty:952 - CMSIS Pack Vendor :STMicroelectronics USB_DEVICE 3.0.0
2022-04-11 23:16:56,254 [INFO] ThirdParty:952 - CMSIS Pack Vendor :STMicroelectronics X-CUBE-SUBG2 4.1.0
2022-04-11 23:16:56,255 [INFO] ThirdParty:952 - CMSIS Pack Vendor :STMicroelectronics X-CUBE-MEMS1 9.0.0
2022-04-11 23:16:56,255 [INFO] ThirdParty:952 - CMSIS Pack Vendor :STMicroelectronics X-CUBE-MEMS1 9.2.0
2022-04-11 23:16:56,255 [INFO] ThirdParty:952 - CMSIS Pack Vendor :STMicroelectronics X-CUBE-AZRTOS-H7 1.1.0
2022-04-11 23:16:56,255 [INFO] ThirdParty:952 - CMSIS Pack Vendor :STMicroelectronics USB_DEVICE 2.0.0
2022-04-11 23:16:56,255 [INFO] ThirdParty:952 - CMSIS Pack Vendor :STMicroelectronics X-CUBE-AI 7.1.0
2022-04-11 23:16:56,255 [INFO] ThirdParty:952 - CMSIS Pack Vendor :STMicroelectronics X-CUBE-BLE1 6.2.3
2022-04-11 23:16:56,256 [INFO] ThirdParty:952 - CMSIS Pack Vendor :STMicroelectronics X-CUBE-ALGOBUILD 1.3.0
2022-04-11 23:16:56,256 [INFO] ThirdParty:952 - CMSIS Pack Vendor :STMicroelectronics X-CUBE-EEPRMA1 3.0.0
2022-04-11 23:16:56,257 [INFO] ThirdParty:952 - CMSIS Pack Vendor :STMicroelectronics FreeRTOS 0.0.1
2022-04-11 23:16:56,257 [INFO] ThirdParty:952 - CMSIS Pack Vendor :SEGGER I-CUBE-embOS 1.2.0
2022-04-11 23:16:56,257 [INFO] ThirdParty:952 - CMSIS Pack Vendor :STMicroelectronics lwIP 2.0.3
2022-04-11 23:16:56,257 [INFO] ThirdParty:952 - CMSIS Pack Vendor :STMicroelectronics X-CUBE-BLE1 6.2.0
2022-04-11 23:16:56,257 [INFO] ThirdParty:952 - CMSIS Pack Vendor :STMicroelectronics X-CUBE-BLE1 6.2.1
2022-04-11 23:16:56,257 [INFO] ThirdParty:952 - CMSIS Pack Vendor :STMicroelectronics X-CUBE-BLE1 6.2.2
2022-04-11 23:16:56,257 [INFO] ThirdParty:952 - CMSIS Pack Vendor :STMicroelectronics X-CUBE-BLE2 3.2.1
2022-04-11 23:16:56,257 [INFO] ThirdParty:952 - CMSIS Pack Vendor :STMicroelectronics X-CUBE-BLE2 3.2.2
2022-04-11 23:16:56,257 [INFO] ThirdParty:952 - CMSIS Pack Vendor :STMicroelectronics USB_HOST 1.0.0
2022-04-11 23:16:56,257 [INFO] ThirdParty:952 - CMSIS Pack Vendor :STMicroelectronics X-CUBE-NFC4 2.0.3
2022-04-11 23:16:56,257 [INFO] ThirdParty:952 - CMSIS Pack Vendor :STMicroelectronics X-CUBE-NFC4 2.0.2
2022-04-11 23:16:56,258 [INFO] ThirdParty:952 - CMSIS Pack Vendor :STMicroelectronics X-CUBE-TOUCHGFX 4.17.0
2022-04-11 23:16:56,258 [INFO] ThirdParty:952 - CMSIS Pack Vendor :STMicroelectronics PDM2PCM 3.1.0
2022-04-11 23:16:56,258 [INFO] ThirdParty:952 - CMSIS Pack Vendor :STMicroelectronics X-CUBE-TOUCHGFX 4.19.0
2022-04-11 23:16:56,258 [INFO] ThirdParty:952 - CMSIS Pack Vendor :STMicroelectronics PDM2PCM 3.3.0
2022-04-11 23:16:56,258 [INFO] ThirdParty:952 - CMSIS Pack Vendor :STMicroelectronics X-CUBE-BLE2 3.2.0
2022-04-11 23:16:56,258 [INFO] ThirdParty:952 - CMSIS Pack Vendor :STMicroelectronics X-CUBE-SFXS2LP1 3.1.0
2022-04-11 23:16:56,259 [INFO] ThirdParty:952 - CMSIS Pack Vendor :STMicroelectronics X-CUBE-AZRTOS-F4 1.0.0
2022-04-11 23:16:56,259 [INFO] ThirdParty:952 - CMSIS Pack Vendor :STMicroelectronics X-CUBE-AZRTOS-H7 2.0.0
2022-04-11 23:16:56,259 [INFO] ThirdParty:952 - CMSIS Pack Vendor :STMicroelectronics X-CUBE-AZRTOS-G4 1.0.0
2022-04-11 23:16:56,259 [INFO] ThirdParty:952 - CMSIS Pack Vendor :STMicroelectronics X-CUBE-AZRTOS-L4 1.0.0
2022-04-11 23:16:56,259 [INFO] ThirdParty:952 - CMSIS Pack Vendor :STMicroelectronics X-CUBE-TOF1 2.0.0
2022-04-11 23:16:56,259 [INFO] ThirdParty:952 - CMSIS Pack Vendor :STMicroelectronics HAL Drivers 0.0.0
2022-04-11 23:16:56,259 [INFO] ThirdParty:952 - CMSIS Pack Vendor :STMicroelectronics MBEDTLS 2.16.2
2022-04-11 23:16:56,260 [INFO] ThirdParty:952 - CMSIS Pack Vendor :emotas I-CUBE-CANOPEN 1.1.2
2022-04-11 23:16:56,260 [INFO] ThirdParty:952 - CMSIS Pack Vendor :STMicroelectronics MBEDTLS 2.14.1
2022-04-11 23:16:56,260 [INFO] ThirdParty:952 - CMSIS Pack Vendor :STMicroelectronics X-CUBE-NFC7 1.0.0
2022-04-11 23:16:56,260 [INFO] ThirdParty:952 - CMSIS Pack Vendor :STMicroelectronics X-CUBE-AZRTOS-F7 1.0.0
2022-04-11 23:16:56,260 [INFO] ThirdParty:952 - CMSIS Pack Vendor :STMicroelectronics X-CUBE-AZRTOS-WL 1.0.0
2022-04-11 23:16:56,260 [INFO] ThirdParty:952 - CMSIS Pack Vendor :STMicroelectronics X-CUBE-SUBG2 4.2.0
2022-04-11 23:16:56,260 [INFO] ThirdParty:952 - CMSIS Pack Vendor :STMicroelectronics X-CUBE-MEMS1 9.1.0
2022-04-11 23:16:56,260 [INFO] ThirdParty:952 - CMSIS Pack Vendor :STMicroelectronics X-CUBE-AZRTOS-H7 1.0.0
2022-04-11 23:16:56,261 [INFO] ThirdParty:952 - CMSIS Pack Vendor :STMicroelectronics X-CUBE-TOF1 1.0.0
2022-04-11 23:16:56,261 [INFO] ThirdParty:952 - CMSIS Pack Vendor :portGmbH I-Cube-SoM-uGOAL 1.1.0
2022-04-11 23:16:56,261 [INFO] ThirdParty:952 - CMSIS Pack Vendor :STMicroelectronics X-CUBE-ALS 1.0.1
2022-04-11 23:16:56,262 [INFO] ThirdParty:952 - CMSIS Pack Vendor :STMicroelectronics X-CUBE-AI 7.0.0
2022-04-11 23:16:56,262 [INFO] ThirdParty:952 - CMSIS Pack Vendor :STMicroelectronics X-CUBE-ALGOBUILD 1.2.1
2022-04-11 23:16:56,262 [INFO] ThirdParty:952 - CMSIS Pack Vendor :STMicroelectronics X-CUBE-MEMS1 8.3.0
2022-04-11 23:16:56,262 [INFO] ThirdParty:952 - CMSIS Pack Vendor :STMicroelectronics X-CUBE-DISPLAY 1.0.0
2022-04-11 23:16:56,262 [INFO] ThirdParty:952 - CMSIS Pack Vendor :STMicroelectronics X-CUBE-AZRTOS-L5 1.0.0
2022-04-11 23:16:56,262 [INFO] ThirdParty:952 - CMSIS Pack Vendor :STMicroelectronics USB_DEVICE 1.0.0
2022-04-11 23:16:56,262 [INFO] ThirdParty:952 - CMSIS Pack Vendor :STMicroelectronics X-CUBE-AI 6.0.0
2022-04-11 23:16:56,262 [INFO] ThirdParty:952 - CMSIS Pack Vendor :STMicroelectronics X-CUBE-EEPRMA1 3.1.0
2022-04-11 23:16:56,262 [INFO] ThirdParty:952 - CMSIS Pack Vendor :STMicroelectronics X-CUBE-AZRTOS-G0 1.0.0
2022-04-11 23:16:56,263 [INFO] ThirdParty:952 - CMSIS Pack Vendor :STMicroelectronics X-CUBE-ALGOBUILD 1.2.0
2022-04-11 23:16:56,263 [INFO] ThirdParty:952 - CMSIS Pack Vendor :STMicroelectronics X-CUBE-EEPRMA1 3.1.1
2022-04-11 23:16:56,264 [INFO] ThirdParty:952 - CMSIS Pack Vendor :STMicroelectronics X-CUBE-GNSS1 5.2.0
2022-04-11 23:16:56,264 [INFO] ThirdParty:952 - CMSIS Pack Vendor :STMicroelectronics lwIP 2.1.2
2022-04-11 23:16:56,264 [INFO] ThirdParty:952 - CMSIS Pack Vendor :STMicroelectronics X-CUBE-DISPLAY 2.0.0
2022-04-11 23:16:56,264 [INFO] ThirdParty:952 - CMSIS Pack Vendor :STMicroelectronics X-CUBE-DISPLAY 2.0.1
2022-04-11 23:16:56,264 [INFO] ThirdParty:952 - CMSIS Pack Vendor :wolfSSL I-CUBE-wolfSSL 4.7.0
2022-04-11 23:16:56,264 [INFO] ThirdParty:952 - CMSIS Pack Vendor :STMicroelectronics X-CUBE-TOUCHGFX 4.16.1
2022-04-11 23:16:56,264 [INFO] ThirdParty:952 - CMSIS Pack Vendor :STMicroelectronics PDM2PCM 3.2.0
2022-04-11 23:16:56,264 [INFO] ThirdParty:952 - CMSIS Pack Vendor :STMicroelectronics X-CUBE-TOUCHGFX 4.18.1
2022-04-11 23:16:56,264 [INFO] ThirdParty:952 - CMSIS Pack Vendor :STMicroelectronics X-CUBE-TOF1 3.0.0
2022-04-11 23:16:56,264 [INFO] ThirdParty:952 - CMSIS Pack Vendor :STMicroelectronics X-CUBE-TOUCHGFX 4.18.0
2022-04-11 23:16:56,264 [INFO] ThirdParty:770 - exiting critical section [change project]
2022-04-11 23:16:56,918 [INFO] PinOutPanel:1435 - setPackage(No Configuration,No Configuration)
2022-04-11 23:16:56,920 [INFO] PinOutPanel:1435 - setPackage(STM32F405RGTx,LQFP64)
2022-04-11 23:16:57,599 [INFO] UtilMem:74 - Before build in PCC Used Memory: 603466112 Bytes (815792128)
2022-04-11 23:16:58,237 [INFO] SharedServices:72 - Folder for power plug-in: C:/Users/reiji/.stm32cubemx/plugins/power
2022-04-11 23:16:58,326 [INFO] SharedServices:72 - Folder for power plug-in: C:/Users/reiji/.stm32cubemx/plugins/power
2022-04-11 23:16:58,404 [INFO] SharedServices:72 - Folder for power plug-in: C:/Users/reiji/.stm32cubemx/plugins/power
2022-04-11 23:16:58,412 [INFO] SharedServices:72 - Folder for power plug-in: C:/Users/reiji/.stm32cubemx/plugins/power
2022-04-11 23:16:58,666 [INFO] UtilMem:74 - After build in PCC Used Memory: 688400768 Bytes (815792128)
2022-04-11 23:16:58,708 [INFO] IPUIPlugin:64 - create IPUIPlugin
2022-04-11 23:16:58,708 [INFO] IPUIPlugin:64 - create IPUIPlugin
2022-04-11 23:16:58,708 [INFO] IPUIPlugin:64 - create IPUIPlugin
2022-04-11 23:16:58,709 [INFO] IPUIPlugin:64 - create IPUIPlugin
2022-04-11 23:16:58,709 [INFO] IPUIPlugin:64 - create IPUIPlugin
2022-04-11 23:16:58,709 [INFO] IPUIPlugin:64 - create IPUIPlugin
2022-04-11 23:16:58,710 [INFO] IPUIPlugin:64 - create IPUIPlugin
2022-04-11 23:16:58,711 [INFO] IPUIPlugin:64 - create IPUIPlugin
2022-04-11 23:16:58,711 [INFO] IPUIPlugin:64 - create IPUIPlugin
2022-04-11 23:16:58,711 [INFO] IPUIPlugin:64 - create IPUIPlugin
2022-04-11 23:16:58,711 [INFO] IPUIPlugin:64 - create IPUIPlugin
2022-04-11 23:16:58,712 [INFO] IPUIPlugin:64 - create IPUIPlugin
2022-04-11 23:16:58,713 [INFO] IPUIPlugin:64 - create IPUIPlugin
2022-04-11 23:16:58,713 [INFO] IPUIPlugin:64 - create IPUIPlugin
2022-04-11 23:16:58,714 [INFO] IPUIPlugin:64 - create IPUIPlugin
2022-04-11 23:16:58,714 [INFO] IPUIPlugin:64 - create IPUIPlugin
2022-04-11 23:16:58,716 [INFO] IPUIPlugin:64 - create IPUIPlugin
2022-04-11 23:16:58,717 [INFO] IPUIPlugin:64 - create IPUIPlugin
2022-04-11 23:16:58,718 [INFO] IPUIPlugin:64 - create IPUIPlugin
2022-04-11 23:16:58,719 [INFO] IPUIPlugin:64 - create IPUIPlugin
2022-04-11 23:16:58,720 [INFO] IPUIPlugin:64 - create IPUIPlugin
2022-04-11 23:16:58,721 [INFO] IPUIPlugin:64 - create IPUIPlugin
2022-04-11 23:16:58,722 [INFO] IPUIPlugin:64 - create IPUIPlugin
2022-04-11 23:16:58,723 [INFO] IPUIPlugin:64 - create IPUIPlugin
2022-04-11 23:16:58,724 [INFO] IPUIPlugin:64 - create IPUIPlugin
2022-04-11 23:16:58,725 [INFO] IPUIPlugin:64 - create IPUIPlugin
2022-04-11 23:16:58,726 [INFO] IPUIPlugin:64 - create IPUIPlugin
2022-04-11 23:16:58,727 [INFO] IPUIPlugin:64 - create IPUIPlugin
2022-04-11 23:16:58,729 [INFO] IPUIPlugin:64 - create IPUIPlugin
2022-04-11 23:16:58,730 [INFO] IPUIPlugin:64 - create IPUIPlugin
2022-04-11 23:16:58,730 [INFO] IPUIPlugin:64 - create IPUIPlugin
2022-04-11 23:16:58,732 [INFO] IPUIPlugin:64 - create IPUIPlugin
2022-04-11 23:16:58,733 [INFO] IPUIPlugin:64 - create IPUIPlugin
2022-04-11 23:16:58,734 [INFO] IPUIPlugin:64 - create IPUIPlugin
2022-04-11 23:16:58,735 [INFO] IPUIPlugin:64 - create IPUIPlugin
2022-04-11 23:16:58,737 [INFO] IPUIPlugin:64 - create IPUIPlugin
2022-04-11 23:16:58,738 [INFO] IPUIPlugin:64 - create IPUIPlugin
2022-04-11 23:16:58,739 [INFO] IPUIPlugin:64 - create IPUIPlugin
2022-04-11 23:16:58,740 [INFO] IPUIPlugin:64 - create IPUIPlugin
2022-04-11 23:16:58,742 [INFO] IPUIPlugin:64 - create IPUIPlugin
2022-04-11 23:16:58,743 [INFO] IPUIPlugin:64 - create IPUIPlugin
2022-04-11 23:16:58,744 [INFO] IPUIPlugin:64 - create IPUIPlugin
2022-04-11 23:16:58,746 [INFO] IPUIPlugin:64 - create IPUIPlugin
2022-04-11 23:16:58,747 [INFO] IPUIPlugin:64 - create IPUIPlugin
2022-04-11 23:16:58,749 [INFO] IPUIPlugin:64 - create IPUIPlugin
2022-04-11 23:16:58,750 [INFO] IPUIPlugin:64 - create IPUIPlugin
2022-04-11 23:16:58,752 [INFO] IPUIPlugin:64 - create IPUIPlugin
2022-04-11 23:16:58,753 [INFO] IPUIPlugin:64 - create IPUIPlugin
2022-04-11 23:16:58,755 [INFO] IPUIPlugin:64 - create IPUIPlugin
2022-04-11 23:16:58,757 [INFO] IPUIPlugin:64 - create IPUIPlugin
2022-04-11 23:16:58,758 [INFO] IPUIPlugin:64 - create IPUIPlugin
2022-04-11 23:16:58,759 [INFO] IPUIPlugin:64 - create IPUIPlugin
2022-04-11 23:16:58,761 [INFO] IPUIPlugin:64 - create IPUIPlugin
2022-04-11 23:16:58,764 [INFO] IPUIPlugin:64 - create IPUIPlugin
2022-04-11 23:16:58,862 [INFO] ApiDbMcu:458 - Load IP Config File for PDM2PCM
2022-04-11 23:16:58,903 [INFO] LogOutputStream:76 - [STDOUT_REDIRECT] toolchainItems.length=====1
2022-04-11 23:16:59,041 [INFO] OpenFileManager:323 - Restore cursor
2022-04-11 23:16:59,669 [INFO] UtilMem:74 - End SaveConfig() Used Memory: 652759040 Bytes (815792128)
2022-04-11 23:16:59,762 [INFO] UtilMem:74 - End SaveConfig() Used Memory: 663771136 Bytes (815792128)
2022-04-11 23:17:00,207 [INFO] BlockDiagram:2735 - set Specific Code input for plugin: SYS
2022-04-11 23:17:00,207 [INFO] BlockDiagram:2735 - set Specific Code input for plugin: RCC
2022-04-11 23:17:00,208 [INFO] BlockDiagram:2735 - set Specific Code input for plugin: NVIC
2022-04-11 23:17:00,209 [INFO] CodeGenerator:641 - code generatio: config db path: C:\ST\STM32CubeIDE_1.6.1\STM32CubeIDE\plugins\com.st.stm32cube.common.mx_6.2.1.202103241236\\db\
2022-04-11 23:17:00,792 [INFO] CodeEngine:229 - oldGeneratedFile, C:\Users\reiji\Documents\Research\ClassicMouse\STBee_F4mini_Mouse\dangoromouse\MXTmpFiles\license.tmp_save
2022-04-11 23:17:01,523 [INFO] CodeEngine:247 - Generated code: C:\Users\reiji\Documents\Research\ClassicMouse\STBee_F4mini_Mouse\dangoromouse\MXTmpFiles\license.tmp
2022-04-11 23:17:01,751 [INFO] CodeEngine:229 - oldGeneratedFile, C:\Users\reiji\Documents\Research\ClassicMouse\STBee_F4mini_Mouse\dangoromouse\Core\Src\stm32f4xx_it.c_save
2022-04-11 23:17:02,020 [INFO] CodeEngine:247 - Generated code: C:\Users\reiji\Documents\Research\ClassicMouse\STBee_F4mini_Mouse\dangoromouse\Core\Src\stm32f4xx_it.c
2022-04-11 23:17:02,033 [INFO] CodeEngine:229 - oldGeneratedFile, C:\Users\reiji\Documents\Research\ClassicMouse\STBee_F4mini_Mouse\dangoromouse\Core\Inc\stm32f4xx_it.h_save
2022-04-11 23:17:02,154 [INFO] CodeEngine:247 - Generated code: C:\Users\reiji\Documents\Research\ClassicMouse\STBee_F4mini_Mouse\dangoromouse\Core\Inc\stm32f4xx_it.h
2022-04-11 23:17:02,183 [INFO] CodeEngine:229 - oldGeneratedFile, C:\Users\reiji\Documents\Research\ClassicMouse\STBee_F4mini_Mouse\dangoromouse\Core\Src\stm32f4xx_hal_msp.c_save
2022-04-11 23:17:02,355 [INFO] CodeEngine:247 - Generated code: C:\Users\reiji\Documents\Research\ClassicMouse\STBee_F4mini_Mouse\dangoromouse\Core\Src\stm32f4xx_hal_msp.c
2022-04-11 23:17:02,369 [INFO] CodeEngine:229 - oldGeneratedFile, C:\Users\reiji\Documents\Research\ClassicMouse\STBee_F4mini_Mouse\dangoromouse\MXTmpFiles\system.tmp_save
2022-04-11 23:17:02,464 [INFO] CodeEngine:247 - Generated code: C:\Users\reiji\Documents\Research\ClassicMouse\STBee_F4mini_Mouse\dangoromouse\MXTmpFiles\system.tmp
2022-04-11 23:17:02,541 [INFO] CodeEngine:229 - oldGeneratedFile, C:\Users\reiji\Documents\Research\ClassicMouse\STBee_F4mini_Mouse\dangoromouse\Core\Inc\stm32f4xx_hal_conf.h_save
2022-04-11 23:17:02,685 [INFO] CodeEngine:247 - Generated code: C:\Users\reiji\Documents\Research\ClassicMouse\STBee_F4mini_Mouse\dangoromouse\Core\Inc\stm32f4xx_hal_conf.h
2022-04-11 23:17:02,800 [INFO] CodeEngine:229 - oldGeneratedFile, C:\Users\reiji\Documents\Research\ClassicMouse\STBee_F4mini_Mouse\dangoromouse\Core\Inc\main.h_save
2022-04-11 23:17:02,939 [INFO] CodeEngine:247 - Generated code: C:\Users\reiji\Documents\Research\ClassicMouse\STBee_F4mini_Mouse\dangoromouse\Core\Inc\main.h
2022-04-11 23:17:02,972 [INFO] CodeEngine:229 - oldGeneratedFile, C:\Users\reiji\Documents\Research\ClassicMouse\STBee_F4mini_Mouse\dangoromouse\Core\Src\main.c_save
2022-04-11 23:17:03,184 [INFO] CodeEngine:247 - Generated code: C:\Users\reiji\Documents\Research\ClassicMouse\STBee_F4mini_Mouse\dangoromouse\Core\Src\main.c
2022-04-11 23:17:05,148 [INFO] ProjectBuilder:2460 - Time for Copy HAL[1] : 650mS.
2022-04-11 23:17:05,159 [INFO] ProjectBuilder:3418 - Project Generator version: 3.13.0-B3
2022-04-11 23:17:06,013 [INFO] ConfigFileManager:1242 - The Die is : DIE413
2022-04-11 23:17:06,051 [INFO] ApiDbMcu:458 - Load IP Config File for FATFS
2022-04-11 23:17:06,107 [INFO] ApiDbMcu:458 - Load IP Config File for FREERTOS
2022-04-11 23:17:06,123 [INFO] ApiDbMcu:458 - Load IP Config File for LIBJPEG
2022-04-11 23:17:06,200 [INFO] ApiDbMcu:458 - Load IP Config File for MBEDTLS
2022-04-11 23:17:06,257 [INFO] ApiDbMcu:458 - Load IP Config File for USB_DEVICE
2022-04-11 23:17:06,283 [INFO] ApiDbMcu:458 - Load IP Config File for USB_HOST
2022-04-11 23:17:15,371 [INFO] ProjectBuilder:3584 - Time for Generating toolchain IDE Files: 10212mS.
2022-04-11 23:17:15,373 [INFO] ProjectBuilder:2339 - Time for Copy CMSIS : 0mS.
2022-04-11 23:17:15,376 [INFO] ProjectBuilder:2339 - Time for Copy CMSIS : 0mS.
2022-04-11 23:17:16,639 [INFO] ApiDb:276 - Save user favorites file C:\Users\reiji/.stm32cubeide/favorites.mcus.txt: 2 item(s)
2022-04-11 23:17:16,639 [INFO] ApiDb:280 - User favorites MCUs=[STM32F303K8Tx, STM32F405RGTx]
2022-04-11 23:56:22,338 [INFO] UtilMem:74 - End SaveConfig() Used Memory: 753166504 Bytes (1022361600)
2022-04-11 23:56:24,318 [INFO] UtilMem:74 - End SaveConfig() Used Memory: 771421864 Bytes (1022361600)
2022-04-11 23:56:26,620 [INFO] UtilMem:74 - End SaveConfig() Used Memory: 797137400 Bytes (1022361600)
2022-04-11 23:56:27,207 [INFO] BlockDiagram:2735 - set Specific Code input for plugin: SPI
2022-04-11 23:56:27,208 [INFO] BlockDiagram:2735 - set Specific Code input for plugin: TIM1_8
2022-04-11 23:56:27,208 [INFO] BlockDiagram:2735 - set Specific Code input for plugin: TIM1_8
2022-04-11 23:56:27,208 [INFO] BlockDiagram:2735 - set Specific Code input for plugin: SYS
2022-04-11 23:56:27,208 [INFO] BlockDiagram:2735 - set Specific Code input for plugin: ADC
2022-04-11 23:56:27,208 [INFO] BlockDiagram:2735 - set Specific Code input for plugin: RCC
2022-04-11 23:56:27,208 [INFO] BlockDiagram:2735 - set Specific Code input for plugin: NVIC
2022-04-11 23:56:27,208 [INFO] BlockDiagram:2735 - set Specific Code input for plugin: TIM1_8
2022-04-11 23:56:27,208 [INFO] BlockDiagram:2735 - set Specific Code input for plugin: TIM1_8
2022-04-11 23:56:27,209 [INFO] BlockDiagram:2735 - set Specific Code input for plugin: TIM1_8
2022-04-11 23:56:27,209 [INFO] BlockDiagram:2735 - set Specific Code input for plugin: UART
2022-04-11 23:56:27,209 [INFO] BlockDiagram:2735 - set Specific Code input for plugin: GPIO
2022-04-11 23:56:27,211 [INFO] CodeGenerator:641 - code generatio: config db path: C:\ST\STM32CubeIDE_1.6.1\STM32CubeIDE\plugins\com.st.stm32cube.common.mx_6.2.1.202103241236\\db\
2022-04-11 23:56:28,288 [INFO] CodeEngine:229 - oldGeneratedFile, C:\Users\reiji\Documents\Research\ClassicMouse\STBee_F4mini_Mouse\dangoromouse\MXTmpFiles\license.tmp_save
2022-04-11 23:56:28,465 [INFO] CodeEngine:247 - Generated code: C:\Users\reiji\Documents\Research\ClassicMouse\STBee_F4mini_Mouse\dangoromouse\MXTmpFiles\license.tmp
2022-04-11 23:56:28,643 [INFO] CodeEngine:229 - oldGeneratedFile, C:\Users\reiji\Documents\Research\ClassicMouse\STBee_F4mini_Mouse\dangoromouse\MXTmpFiles\gpio.tmp_save
2022-04-11 23:56:28,822 [INFO] CodeEngine:247 - Generated code: C:\Users\reiji\Documents\Research\ClassicMouse\STBee_F4mini_Mouse\dangoromouse\MXTmpFiles\gpio.tmp
2022-04-11 23:56:30,205 [INFO] LogOutputStream:76 - [STDOUT_REDIRECT] Command line
2022-04-11 23:56:30,208 [INFO] LogOutputStream:76 - [STDOUT_REDIRECT] Command line
2022-04-11 23:56:30,211 [INFO] LogOutputStream:76 - [STDOUT_REDIRECT] Command line
2022-04-11 23:56:30,214 [INFO] LogOutputStream:76 - [STDOUT_REDIRECT] Command line
2022-04-11 23:56:30,263 [INFO] CodeEngine:229 - oldGeneratedFile, C:\Users\reiji\Documents\Research\ClassicMouse\STBee_F4mini_Mouse\dangoromouse\Core\Src\stm32f4xx_it.c_save
2022-04-11 23:56:30,512 [INFO] CodeEngine:247 - Generated code: C:\Users\reiji\Documents\Research\ClassicMouse\STBee_F4mini_Mouse\dangoromouse\Core\Src\stm32f4xx_it.c
2022-04-11 23:56:30,545 [INFO] CodeEngine:229 - oldGeneratedFile, C:\Users\reiji\Documents\Research\ClassicMouse\STBee_F4mini_Mouse\dangoromouse\Core\Inc\stm32f4xx_it.h_save
2022-04-11 23:56:30,765 [INFO] CodeEngine:247 - Generated code: C:\Users\reiji\Documents\Research\ClassicMouse\STBee_F4mini_Mouse\dangoromouse\Core\Inc\stm32f4xx_it.h
2022-04-11 23:56:30,830 [INFO] CodeEngine:229 - oldGeneratedFile, C:\Users\reiji\Documents\Research\ClassicMouse\STBee_F4mini_Mouse\dangoromouse\Core\Src\stm32f4xx_hal_msp.c_save
2022-04-11 23:56:31,187 [INFO] CodeEngine:247 - Generated code: C:\Users\reiji\Documents\Research\ClassicMouse\STBee_F4mini_Mouse\dangoromouse\Core\Src\stm32f4xx_hal_msp.c
2022-04-11 23:56:31,198 [INFO] CodeEngine:229 - oldGeneratedFile, C:\Users\reiji\Documents\Research\ClassicMouse\STBee_F4mini_Mouse\dangoromouse\MXTmpFiles\system.tmp_save
2022-04-11 23:56:31,282 [INFO] CodeEngine:247 - Generated code: C:\Users\reiji\Documents\Research\ClassicMouse\STBee_F4mini_Mouse\dangoromouse\MXTmpFiles\system.tmp
2022-04-11 23:56:31,312 [INFO] CodeEngine:229 - oldGeneratedFile, C:\Users\reiji\Documents\Research\ClassicMouse\STBee_F4mini_Mouse\dangoromouse\Core\Inc\stm32f4xx_hal_conf.h_save
2022-04-11 23:56:31,484 [INFO] CodeEngine:247 - Generated code: C:\Users\reiji\Documents\Research\ClassicMouse\STBee_F4mini_Mouse\dangoromouse\Core\Inc\stm32f4xx_hal_conf.h
2022-04-11 23:56:31,524 [WARN] IPConfigManager:2976 - IP not found : TIM
2022-04-11 23:56:31,525 [WARN] CodeGenerator:3191 - IP not found : null
2022-04-11 23:56:31,554 [INFO] CodeEngine:229 - oldGeneratedFile, C:\Users\reiji\Documents\Research\ClassicMouse\STBee_F4mini_Mouse\dangoromouse\Core\Inc\main.h_save
2022-04-11 23:56:31,702 [INFO] CodeEngine:247 - Generated code: C:\Users\reiji\Documents\Research\ClassicMouse\STBee_F4mini_Mouse\dangoromouse\Core\Inc\main.h
2022-04-11 23:56:31,768 [INFO] CodeEngine:229 - oldGeneratedFile, C:\Users\reiji\Documents\Research\ClassicMouse\STBee_F4mini_Mouse\dangoromouse\Core\Src\main.c_save
2022-04-11 23:56:32,219 [INFO] CodeEngine:247 - Generated code: C:\Users\reiji\Documents\Research\ClassicMouse\STBee_F4mini_Mouse\dangoromouse\Core\Src\main.c
2022-04-11 23:56:33,772 [INFO] ProjectBuilder:2460 - Time for Copy HAL[1] : 355mS.
2022-04-11 23:56:33,930 [INFO] ProjectBuilder:3418 - Project Generator version: 3.13.0-B3
2022-04-11 23:56:34,669 [INFO] ConfigFileManager:1242 - The Die is : DIE413
2022-04-11 23:56:38,991 [INFO] ProjectBuilder:3584 - Time for Generating toolchain IDE Files: 5061mS.
2022-04-11 23:56:38,992 [INFO] ProjectBuilder:2339 - Time for Copy CMSIS : 0mS.
2022-04-11 23:56:38,998 [INFO] ProjectBuilder:2339 - Time for Copy CMSIS : 0mS.
2022-04-12 00:32:23,205 [INFO] UtilMem:74 - End SaveConfig() Used Memory: 670234728 Bytes (1067450368)
2022-04-12 00:32:27,329 [INFO] UtilMem:74 - End SaveConfig() Used Memory: 692779096 Bytes (1067450368)
2022-04-12 00:32:29,968 [INFO] UtilMem:74 - End SaveConfig() Used Memory: 902428840 Bytes (1067450368)
2022-04-12 00:32:30,572 [INFO] BlockDiagram:2735 - set Specific Code input for plugin: SPI
2022-04-12 00:32:30,573 [INFO] BlockDiagram:2735 - set Specific Code input for plugin: TIM1_8
2022-04-12 00:32:30,573 [INFO] BlockDiagram:2735 - set Specific Code input for plugin: TIM1_8
2022-04-12 00:32:30,573 [INFO] BlockDiagram:2735 - set Specific Code input for plugin: TIM1_8
2022-04-12 00:32:30,573 [INFO] BlockDiagram:2735 - set Specific Code input for plugin: SYS
2022-04-12 00:32:30,573 [INFO] BlockDiagram:2735 - set Specific Code input for plugin: ADC
2022-04-12 00:32:30,573 [INFO] BlockDiagram:2735 - set Specific Code input for plugin: RCC
2022-04-12 00:32:30,573 [INFO] BlockDiagram:2735 - set Specific Code input for plugin: NVIC
2022-04-12 00:32:30,574 [INFO] BlockDiagram:2735 - set Specific Code input for plugin: TIM1_8
2022-04-12 00:32:30,574 [INFO] BlockDiagram:2735 - set Specific Code input for plugin: TIM1_8
2022-04-12 00:32:30,574 [INFO] BlockDiagram:2735 - set Specific Code input for plugin: TIM1_8
2022-04-12 00:32:30,574 [INFO] BlockDiagram:2735 - set Specific Code input for plugin: UART
2022-04-12 00:32:30,574 [INFO] BlockDiagram:2735 - set Specific Code input for plugin: GPIO
2022-04-12 00:32:30,575 [INFO] CodeGenerator:641 - code generatio: config db path: C:\ST\STM32CubeIDE_1.6.1\STM32CubeIDE\plugins\com.st.stm32cube.common.mx_6.2.1.202103241236\\db\
2022-04-12 00:32:31,205 [INFO] CodeEngine:229 - oldGeneratedFile, C:\Users\reiji\Documents\Research\ClassicMouse\STBee_F4mini_Mouse\dangoromouse\MXTmpFiles\license.tmp_save
2022-04-12 00:32:31,366 [INFO] CodeEngine:247 - Generated code: C:\Users\reiji\Documents\Research\ClassicMouse\STBee_F4mini_Mouse\dangoromouse\MXTmpFiles\license.tmp
2022-04-12 00:32:31,418 [INFO] CodeEngine:229 - oldGeneratedFile, C:\Users\reiji\Documents\Research\ClassicMouse\STBee_F4mini_Mouse\dangoromouse\MXTmpFiles\gpio.tmp_save
2022-04-12 00:32:31,583 [INFO] CodeEngine:247 - Generated code: C:\Users\reiji\Documents\Research\ClassicMouse\STBee_F4mini_Mouse\dangoromouse\MXTmpFiles\gpio.tmp
2022-04-12 00:32:32,167 [INFO] LogOutputStream:76 - [STDOUT_REDIRECT] Command line
2022-04-12 00:32:32,170 [INFO] LogOutputStream:76 - [STDOUT_REDIRECT] Command line
2022-04-12 00:32:32,172 [INFO] LogOutputStream:76 - [STDOUT_REDIRECT] Command line
2022-04-12 00:32:32,174 [INFO] LogOutputStream:76 - [STDOUT_REDIRECT] Command line
2022-04-12 00:32:32,207 [INFO] CodeEngine:229 - oldGeneratedFile, C:\Users\reiji\Documents\Research\ClassicMouse\STBee_F4mini_Mouse\dangoromouse\Core\Src\stm32f4xx_it.c_save
2022-04-12 00:32:32,310 [INFO] CodeEngine:247 - Generated code: C:\Users\reiji\Documents\Research\ClassicMouse\STBee_F4mini_Mouse\dangoromouse\Core\Src\stm32f4xx_it.c
2022-04-12 00:32:32,315 [INFO] CodeEngine:229 - oldGeneratedFile, C:\Users\reiji\Documents\Research\ClassicMouse\STBee_F4mini_Mouse\dangoromouse\Core\Inc\stm32f4xx_it.h_save
2022-04-12 00:32:32,374 [INFO] CodeEngine:247 - Generated code: C:\Users\reiji\Documents\Research\ClassicMouse\STBee_F4mini_Mouse\dangoromouse\Core\Inc\stm32f4xx_it.h
2022-04-12 00:32:32,393 [INFO] CodeEngine:229 - oldGeneratedFile, C:\Users\reiji\Documents\Research\ClassicMouse\STBee_F4mini_Mouse\dangoromouse\Core\Src\stm32f4xx_hal_msp.c_save
2022-04-12 00:32:32,579 [INFO] CodeEngine:247 - Generated code: C:\Users\reiji\Documents\Research\ClassicMouse\STBee_F4mini_Mouse\dangoromouse\Core\Src\stm32f4xx_hal_msp.c
2022-04-12 00:32:32,583 [INFO] CodeEngine:229 - oldGeneratedFile, C:\Users\reiji\Documents\Research\ClassicMouse\STBee_F4mini_Mouse\dangoromouse\MXTmpFiles\system.tmp_save
2022-04-12 00:32:32,633 [INFO] CodeEngine:247 - Generated code: C:\Users\reiji\Documents\Research\ClassicMouse\STBee_F4mini_Mouse\dangoromouse\MXTmpFiles\system.tmp
2022-04-12 00:32:32,654 [INFO] CodeEngine:229 - oldGeneratedFile, C:\Users\reiji\Documents\Research\ClassicMouse\STBee_F4mini_Mouse\dangoromouse\Core\Inc\stm32f4xx_hal_conf.h_save
2022-04-12 00:32:32,734 [INFO] CodeEngine:247 - Generated code: C:\Users\reiji\Documents\Research\ClassicMouse\STBee_F4mini_Mouse\dangoromouse\Core\Inc\stm32f4xx_hal_conf.h
2022-04-12 00:32:32,755 [WARN] IPConfigManager:2976 - IP not found : TIM
2022-04-12 00:32:32,756 [WARN] CodeGenerator:3191 - IP not found : null
2022-04-12 00:32:32,773 [INFO] CodeEngine:229 - oldGeneratedFile, C:\Users\reiji\Documents\Research\ClassicMouse\STBee_F4mini_Mouse\dangoromouse\Core\Inc\main.h_save
2022-04-12 00:32:32,833 [INFO] CodeEngine:247 - Generated code: C:\Users\reiji\Documents\Research\ClassicMouse\STBee_F4mini_Mouse\dangoromouse\Core\Inc\main.h
2022-04-12 00:32:32,843 [INFO] CodeEngine:229 - oldGeneratedFile, C:\Users\reiji\Documents\Research\ClassicMouse\STBee_F4mini_Mouse\dangoromouse\Core\Src\main.c_save
2022-04-12 00:32:33,055 [INFO] CodeEngine:247 - Generated code: C:\Users\reiji\Documents\Research\ClassicMouse\STBee_F4mini_Mouse\dangoromouse\Core\Src\main.c
2022-04-12 00:32:34,141 [INFO] ProjectBuilder:2460 - Time for Copy HAL[1] : 155mS.
2022-04-12 00:32:34,146 [INFO] ProjectBuilder:3418 - Project Generator version: 3.13.0-B3
2022-04-12 00:32:34,655 [INFO] ConfigFileManager:1242 - The Die is : DIE413
2022-04-12 00:32:37,503 [INFO] ProjectBuilder:3584 - Time for Generating toolchain IDE Files: 3357mS.
2022-04-12 00:32:37,504 [INFO] ProjectBuilder:2339 - Time for Copy CMSIS : 0mS.
2022-04-12 00:32:37,507 [INFO] ProjectBuilder:2339 - Time for Copy CMSIS : 0mS.
2022-04-12 01:43:59,214 [INFO] UtilMem:74 - End SaveConfig() Used Memory: 728277592 Bytes (1073741824)
2022-04-12 01:44:00,564 [INFO] UtilMem:74 - End SaveConfig() Used Memory: 748200536 Bytes (1073741824)
2022-04-12 01:44:04,696 [INFO] UtilMem:74 - End SaveConfig() Used Memory: 774937176 Bytes (1073741824)
2022-04-12 01:44:05,093 [INFO] BlockDiagram:2735 - set Specific Code input for plugin: SPI
2022-04-12 01:44:05,093 [INFO] BlockDiagram:2735 - set Specific Code input for plugin: TIM1_8
2022-04-12 01:44:05,093 [INFO] BlockDiagram:2735 - set Specific Code input for plugin: TIM1_8
2022-04-12 01:44:05,093 [INFO] BlockDiagram:2735 - set Specific Code input for plugin: TIM1_8
2022-04-12 01:44:05,093 [INFO] BlockDiagram:2735 - set Specific Code input for plugin: SYS
2022-04-12 01:44:05,093 [INFO] BlockDiagram:2735 - set Specific Code input for plugin: ADC
2022-04-12 01:44:05,093 [INFO] BlockDiagram:2735 - set Specific Code input for plugin: RCC
2022-04-12 01:44:05,094 [INFO] BlockDiagram:2735 - set Specific Code input for plugin: NVIC
2022-04-12 01:44:05,094 [INFO] BlockDiagram:2735 - set Specific Code input for plugin: TIM1_8
2022-04-12 01:44:05,094 [INFO] BlockDiagram:2735 - set Specific Code input for plugin: TIM1_8
2022-04-12 01:44:05,094 [INFO] BlockDiagram:2735 - set Specific Code input for plugin: TIM1_8
2022-04-12 01:44:05,094 [INFO] BlockDiagram:2735 - set Specific Code input for plugin: UART
2022-04-12 01:44:05,094 [INFO] BlockDiagram:2735 - set Specific Code input for plugin: GPIO
2022-04-12 01:44:05,095 [INFO] CodeGenerator:641 - code generatio: config db path: C:\ST\STM32CubeIDE_1.6.1\STM32CubeIDE\plugins\com.st.stm32cube.common.mx_6.2.1.202103241236\\db\
2022-04-12 01:44:05,775 [INFO] CodeEngine:229 - oldGeneratedFile, C:\Users\reiji\Documents\Research\ClassicMouse\STBee_F4mini_Mouse\dangoromouse\MXTmpFiles\license.tmp_save
2022-04-12 01:44:05,908 [INFO] CodeEngine:247 - Generated code: C:\Users\reiji\Documents\Research\ClassicMouse\STBee_F4mini_Mouse\dangoromouse\MXTmpFiles\license.tmp
2022-04-12 01:44:05,981 [INFO] CodeEngine:229 - oldGeneratedFile, C:\Users\reiji\Documents\Research\ClassicMouse\STBee_F4mini_Mouse\dangoromouse\MXTmpFiles\gpio.tmp_save
2022-04-12 01:44:06,070 [INFO] CodeEngine:247 - Generated code: C:\Users\reiji\Documents\Research\ClassicMouse\STBee_F4mini_Mouse\dangoromouse\MXTmpFiles\gpio.tmp
2022-04-12 01:44:06,786 [INFO] LogOutputStream:76 - [STDOUT_REDIRECT] Command line
2022-04-12 01:44:06,790 [INFO] LogOutputStream:76 - [STDOUT_REDIRECT] Command line
2022-04-12 01:44:06,795 [INFO] LogOutputStream:76 - [STDOUT_REDIRECT] Command line
2022-04-12 01:44:06,799 [INFO] LogOutputStream:76 - [STDOUT_REDIRECT] Command line
2022-04-12 01:44:06,827 [INFO] CodeEngine:229 - oldGeneratedFile, C:\Users\reiji\Documents\Research\ClassicMouse\STBee_F4mini_Mouse\dangoromouse\Core\Src\stm32f4xx_it.c_save
2022-04-12 01:44:06,939 [INFO] CodeEngine:247 - Generated code: C:\Users\reiji\Documents\Research\ClassicMouse\STBee_F4mini_Mouse\dangoromouse\Core\Src\stm32f4xx_it.c
2022-04-12 01:44:06,951 [INFO] CodeEngine:229 - oldGeneratedFile, C:\Users\reiji\Documents\Research\ClassicMouse\STBee_F4mini_Mouse\dangoromouse\Core\Inc\stm32f4xx_it.h_save
2022-04-12 01:44:07,028 [INFO] CodeEngine:247 - Generated code: C:\Users\reiji\Documents\Research\ClassicMouse\STBee_F4mini_Mouse\dangoromouse\Core\Inc\stm32f4xx_it.h
2022-04-12 01:44:07,050 [INFO] CodeEngine:229 - oldGeneratedFile, C:\Users\reiji\Documents\Research\ClassicMouse\STBee_F4mini_Mouse\dangoromouse\Core\Src\stm32f4xx_hal_msp.c_save
2022-04-12 01:44:07,271 [INFO] CodeEngine:247 - Generated code: C:\Users\reiji\Documents\Research\ClassicMouse\STBee_F4mini_Mouse\dangoromouse\Core\Src\stm32f4xx_hal_msp.c
2022-04-12 01:44:07,275 [INFO] CodeEngine:229 - oldGeneratedFile, C:\Users\reiji\Documents\Research\ClassicMouse\STBee_F4mini_Mouse\dangoromouse\MXTmpFiles\system.tmp_save
2022-04-12 01:44:07,325 [INFO] CodeEngine:247 - Generated code: C:\Users\reiji\Documents\Research\ClassicMouse\STBee_F4mini_Mouse\dangoromouse\MXTmpFiles\system.tmp
2022-04-12 01:44:07,343 [INFO] CodeEngine:229 - oldGeneratedFile, C:\Users\reiji\Documents\Research\ClassicMouse\STBee_F4mini_Mouse\dangoromouse\Core\Inc\stm32f4xx_hal_conf.h_save
2022-04-12 01:44:07,427 [INFO] CodeEngine:247 - Generated code: C:\Users\reiji\Documents\Research\ClassicMouse\STBee_F4mini_Mouse\dangoromouse\Core\Inc\stm32f4xx_hal_conf.h
2022-04-12 01:44:07,448 [WARN] IPConfigManager:2976 - IP not found : TIM
2022-04-12 01:44:07,449 [WARN] CodeGenerator:3191 - IP not found : null
2022-04-12 01:44:07,463 [INFO] CodeEngine:229 - oldGeneratedFile, C:\Users\reiji\Documents\Research\ClassicMouse\STBee_F4mini_Mouse\dangoromouse\Core\Inc\main.h_save
2022-04-12 01:44:07,531 [INFO] CodeEngine:247 - Generated code: C:\Users\reiji\Documents\Research\ClassicMouse\STBee_F4mini_Mouse\dangoromouse\Core\Inc\main.h
2022-04-12 01:44:07,542 [INFO] CodeEngine:229 - oldGeneratedFile, C:\Users\reiji\Documents\Research\ClassicMouse\STBee_F4mini_Mouse\dangoromouse\Core\Src\main.c_save
2022-04-12 01:44:07,736 [INFO] CodeEngine:247 - Generated code: C:\Users\reiji\Documents\Research\ClassicMouse\STBee_F4mini_Mouse\dangoromouse\Core\Src\main.c
2022-04-12 01:44:08,730 [INFO] ProjectBuilder:2460 - Time for Copy HAL[1] : 156mS.
2022-04-12 01:44:08,735 [INFO] ProjectBuilder:3418 - Project Generator version: 3.13.0-B3
2022-04-12 01:44:09,329 [INFO] ConfigFileManager:1242 - The Die is : DIE413
2022-04-12 01:44:12,293 [INFO] ProjectBuilder:3584 - Time for Generating toolchain IDE Files: 3558mS.
2022-04-12 01:44:12,294 [INFO] ProjectBuilder:2339 - Time for Copy CMSIS : 0mS.
2022-04-12 01:44:12,297 [INFO] ProjectBuilder:2339 - Time for Copy CMSIS : 0mS.
